Sun May 07 17:10:08 CST 2023-server started on port:10001
Sun May 07 17:10:08 CST 2023-server started on port:14710
Sun May 07 17:10:08 CST 2023-server started on port:14288
Sun May 07 17:10:21 CST 2023-server started on port:14760
Sun May 07 17:10:22 CST 2023-server started on port:14301
Sun May 07 17:10:22 CST 2023-server started on port:14988
Sun May 07 17:10:22 CST 2023-server started on port:14493
Sun May 07 17:10:23 CST 2023-server started on port:14487
Sun May 07 17:10:23 CST 2023-server started on port:14140
Sun May 07 17:12:49 CST 2023-server started on port:10001
Sun May 07 17:12:49 CST 2023-server started on port:14762
Sun May 07 17:12:49 CST 2023-server started on port:14475
Sun May 07 17:12:53 CST 2023-server started on port:14105
Sun May 07 17:12:54 CST 2023-server started on port:14260
Sun May 07 17:12:55 CST 2023-server started on port:14218
Sun May 07 17:12:55 CST 2023-server started on port:14504
Sun May 07 17:13:02 CST 2023-server started on port:14615
Sun May 07 17:19:35 CST 2023-server started on port:10001
Sun May 07 17:19:35 CST 2023-server started on port:14529
Sun May 07 17:19:35 CST 2023-server started on port:14214
Sun May 07 17:19:37 CST 2023-server started on port:14884
Sun May 07 17:19:37 CST 2023-server started on port:14045
Sun May 07 17:19:37 CST 2023-server started on port:14046
Sun May 07 17:19:37 CST 2023-server started on port:14945
Sun May 07 17:19:37 CST 2023-server started on port:14826
Sun May 07 17:19:37 CST 2023-server started on port:14303
Sun May 07 17:21:48 CST 2023-server started on port:10001
Sun May 07 17:21:48 CST 2023-server started on port:14672
Sun May 07 17:21:48 CST 2023-server started on port:14954
Sun May 07 17:22:38 CST 2023-server started on port:14313
Sun May 07 17:22:38 CST 2023-server started on port:14245
Sun May 07 17:22:38 CST 2023-server started on port:14123
Sun May 07 17:22:38 CST 2023-server started on port:14170
Sun May 07 17:22:38 CST 2023-server started on port:14858
Sun May 07 17:22:38 CST 2023-server started on port:14376
Sun May 07 17:22:43 CST 2023-server started on port:10001
Sun May 07 17:22:43 CST 2023-server started on port:14983
Sun May 07 17:22:43 CST 2023-server started on port:14144
Sun May 07 17:22:43 CST 2023-server started on port:14592
Sun May 07 17:22:43 CST 2023-server started on port:14236
Sun May 07 17:22:43 CST 2023-server started on port:14295
Sun May 07 17:22:43 CST 2023-server started on port:14118
Sun May 07 17:22:43 CST 2023-server started on port:14113
Sun May 07 17:22:43 CST 2023-server started on port:14501
Sun May 07 17:24:22 CST 2023-server started on port:10001
Sun May 07 17:24:23 CST 2023-server started on port:14083
Sun May 07 17:24:23 CST 2023-server started on port:14138
Sun May 07 17:24:25 CST 2023-server started on port:14819
Sun May 07 17:24:25 CST 2023-server started on port:14666
Sun May 07 17:26:11 CST 2023-server started on port:10001
Sun May 07 17:26:11 CST 2023-server started on port:14982
Sun May 07 17:26:11 CST 2023-server started on port:14395
Sun May 07 17:26:17 CST 2023-server started on port:14073
Sun May 07 17:26:17 CST 2023-server started on port:14683
Sun May 07 17:26:17 CST 2023-server started on port:14716
Sun May 07 17:26:17 CST 2023-server started on port:14589
Sun May 07 17:26:17 CST 2023-server started on port:14337
Sun May 07 17:26:17 CST 2023-server started on port:14380
Sun May 07 17:34:04 CST 2023-server started on port:10001
Sun May 07 17:34:04 CST 2023-server started on port:14520
Sun May 07 17:34:04 CST 2023-server started on port:14836
Sun May 07 17:35:25 CST 2023-server started on port:14975
Sun May 07 17:35:28 CST 2023-server started on port:10001
Sun May 07 17:35:28 CST 2023-server started on port:14089
Sun May 07 17:35:38 CST 2023-server started on port:14743
Sun May 07 17:35:38 CST 2023-server started on port:14832
Sun May 07 17:35:38 CST 2023-server started on port:14695
Sun May 07 17:35:38 CST 2023-server started on port:14502
Sun May 07 17:35:38 CST 2023-server started on port:14774
Sun May 07 17:35:38 CST 2023-server started on port:14345
Sun May 07 17:37:51 CST 2023-server started on port:10001
Sun May 07 17:37:51 CST 2023-server started on port:14094
Sun May 07 17:37:51 CST 2023-server started on port:14561
Sun May 07 17:37:56 CST 2023-server started on port:14352
Sun May 07 17:37:58 CST 2023-server started on port:14756
Sun May 07 17:37:59 CST 2023-server started on port:14343
Sun May 07 17:38:00 CST 2023-server started on port:14187
Sun May 07 17:38:01 CST 2023-server started on port:14535
Sun May 07 17:38:02 CST 2023-server started on port:14738
Sun May 07 17:38:53 CST 2023-server started on port:10001
Sun May 07 17:38:53 CST 2023-server started on port:14771
Sun May 07 17:38:53 CST 2023-server started on port:14337
Sun May 07 17:38:59 CST 2023-server started on port:14815
Sun May 07 17:38:59 CST 2023-server started on port:14885
Sun May 07 17:38:59 CST 2023-server started on port:14357
Sun May 07 17:38:59 CST 2023-server started on port:14633
Sun May 07 17:38:59 CST 2023-server started on port:14920
Sun May 07 17:38:59 CST 2023-server started on port:14142
Sun May 07 17:39:38 CST 2023-server started on port:10001
Sun May 07 17:39:38 CST 2023-server started on port:14355
Sun May 07 17:39:38 CST 2023-server started on port:14210
Sun May 07 17:39:38 CST 2023-server started on port:14069
Sun May 07 17:39:38 CST 2023-server started on port:14619
Sun May 07 17:39:38 CST 2023-server started on port:14509
Sun May 07 17:39:38 CST 2023-server started on port:14865
Sun May 07 17:39:38 CST 2023-server started on port:14481
Sun May 07 17:39:38 CST 2023-server started on port:14844
Sun May 07 17:41:55 CST 2023-server started on port:10001
Sun May 07 17:42:31 CST 2023-server started on port:10001
Sun May 07 17:45:22 CST 2023-server started on port:10001
Sun May 07 17:45:22 CST 2023-server started on port:14878
Sun May 07 17:45:24 CST 2023-server started on port:14923
Sun May 07 17:46:05 CST 2023-server started on port:14908
Sun May 07 17:46:20 CST 2023-server started on port:10001
Sun May 07 17:46:20 CST 2023-server started on port:14148
Sun May 07 17:46:22 CST 2023-server started on port:14727
Sun May 07 17:46:23 CST 2023-server started on port:14290
Sun May 07 17:46:23 CST 2023-server started on port:14109
Sun May 07 17:46:23 CST 2023-server started on port:14052
Sun May 07 17:46:24 CST 2023-server started on port:14206
Sun May 07 17:46:24 CST 2023-server started on port:14235
Sun May 07 17:47:24 CST 2023-server started on port:10001
Sun May 07 17:47:24 CST 2023-server started on port:14331
Sun May 07 17:47:26 CST 2023-server started on port:14646
Sun May 07 17:47:26 CST 2023-server started on port:14870
Sun May 07 17:47:27 CST 2023-server started on port:14573
Sun May 07 17:47:27 CST 2023-server started on port:14304
Sun May 07 17:47:27 CST 2023-server started on port:14177
Sun May 07 17:47:27 CST 2023-server started on port:14758
Sun May 07 17:47:28 CST 2023-server started on port:14014
Sun May 07 17:48:24 CST 2023-server started on port:10001
Sun May 07 17:48:24 CST 2023-server started on port:14370
Sun May 07 17:48:26 CST 2023-server started on port:14538
Sun May 07 17:48:27 CST 2023-fail to call err,java.util.concurrent.ExecutionException: java.lang.NullPointerException
Sun May 07 17:48:27 CST 2023-server started on port:14385
Sun May 07 17:48:45 CST 2023-server started on port:14170
Sun May 07 17:48:49 CST 2023-server started on port:14498
Sun May 07 17:48:56 CST 2023-server started on port:10001
Sun May 07 17:48:56 CST 2023-server started on port:14474
Sun May 07 17:48:56 CST 2023-server started on port:14244
Sun May 07 17:49:36 CST 2023-server started on port:14636
Sun May 14 14:01:01 CST 2023-server started on port:10001
Sun May 14 14:01:01 CST 2023-server started on port:14897
Sun May 14 14:01:01 CST 2023-server started on port:14907
Sun May 14 14:01:01 CST 2023-server started on port:14844
Sun May 14 14:01:01 CST 2023-server started on port:14109
Sun May 14 14:01:01 CST 2023-server started on port:14284
Sun May 14 14:01:01 CST 2023-server started on port:14714
Sun May 14 14:01:01 CST 2023-server started on port:14837
Sun May 14 14:01:01 CST 2023-server started on port:14165
Sun May 14 14:04:48 CST 2023-server started on port:10001
Sun May 14 14:04:48 CST 2023-server started on port:14080
Sun May 14 14:04:48 CST 2023-server started on port:14093
Sun May 14 14:04:48 CST 2023-server started on port:14607
Sun May 14 14:04:53 CST 2023-server started on port:14555
Sun May 14 14:04:54 CST 2023-server started on port:14937
Sun May 14 14:04:55 CST 2023-server started on port:14540
Sun May 14 14:04:55 CST 2023-server started on port:14098
Sun May 14 14:04:56 CST 2023-server started on port:14728
Sun May 14 14:13:59 CST 2023-server started on port:10001
Sun May 14 14:13:59 CST 2023-server started on port:14816
Sun May 14 14:14:02 CST 2023-server started on port:14070
Sun May 14 14:14:02 CST 2023-server started on port:14697
Sun May 14 14:14:02 CST 2023-server started on port:14636
Sun May 14 14:14:02 CST 2023-server started on port:14367
Sun May 14 14:14:03 CST 2023-server started on port:14507
Sun May 14 14:14:03 CST 2023-server started on port:14144
Sun May 14 14:14:03 CST 2023-server started on port:14200
Sun May 14 14:14:17 CST 2023-server started on port:10001
Sun May 14 14:14:17 CST 2023-server started on port:14686
Sun May 14 14:14:33 CST 2023-server started on port:14459
Sun May 14 14:14:33 CST 2023-server started on port:14328
Sun May 14 14:14:41 CST 2023-server started on port:14212
Sun May 14 14:14:41 CST 2023-server started on port:14098
Sun May 14 14:14:41 CST 2023-server started on port:14631
Sun May 14 14:14:41 CST 2023-server started on port:14552
Sun May 14 14:14:41 CST 2023-server started on port:14740
Sun May 14 14:17:00 CST 2023-server started on port:10001
Sun May 14 14:17:00 CST 2023-server started on port:14088
Sun May 14 14:17:03 CST 2023-server started on port:14049
Sun May 14 14:17:07 CST 2023-server started on port:14446
Sun May 14 14:17:09 CST 2023-server started on port:14772
Sun May 14 14:17:11 CST 2023-server started on port:14719
Sun May 14 14:17:12 CST 2023-server started on port:14943
Sun May 14 14:17:14 CST 2023-server started on port:14099
Sun May 14 14:17:21 CST 2023-server started on port:14670
Sun May 14 14:17:28 CST 2023-server started on port:10001
Sun May 14 14:17:28 CST 2023-server started on port:14673
Sun May 14 14:17:28 CST 2023-server started on port:14817
Sun May 14 14:17:28 CST 2023-server started on port:14224
Sun May 14 14:17:28 CST 2023-server started on port:14086
Sun May 14 14:17:28 CST 2023-server started on port:14775
Sun May 14 14:17:28 CST 2023-server started on port:14835
Sun May 14 14:17:28 CST 2023-server started on port:14087
Sun May 14 14:17:28 CST 2023-server started on port:14659
Sun May 14 14:31:39 CST 2023-server started on port:10001
Sun May 14 14:31:39 CST 2023-server started on port:14775
Sun May 14 14:31:39 CST 2023-server started on port:14488
Sun May 14 14:31:39 CST 2023-server started on port:14329
Sun May 14 14:31:40 CST 2023-server started on port:14982
Sun May 14 14:31:40 CST 2023-server started on port:14556
Sun May 14 14:31:40 CST 2023-server started on port:14599
Sun May 14 14:31:40 CST 2023-server started on port:14133
Sun May 14 14:31:40 CST 2023-server started on port:14922
Sun May 14 14:31:40 CST 2023-method:requireTaskprams:[Ljava.lang.Object;@16b1203resp:{"done":false,"jobFile":"E:\\Projects\\JAVA_IDEA\\MIT6.5840\\mapreduce\\src\\main\\resources\\articles\\pg-sherlock_holmes.txt","mapNum":8,"reduceNum":8,"reduceOutFile":"","workerId":6,"workerType":1}
Sun May 14 14:31:40 CST 2023-method:requireTaskprams:[Ljava.lang.Object;@352c9072resp:{"done":false,"jobFile":"E:\\Projects\\JAVA_IDEA\\MIT6.5840\\mapreduce\\src\\main\\resources\\articles\\pg-frankenstein.txt","mapNum":8,"reduceNum":8,"reduceOutFile":"","workerId":2,"workerType":1}
Sun May 14 14:31:40 CST 2023-method:requireTaskprams:[Ljava.lang.Object;@10df7717resp:{"done":false,"jobFile":"E:\\Projects\\JAVA_IDEA\\MIT6.5840\\mapreduce\\src\\main\\resources\\articles\\pg-tom_sawyer.txt","mapNum":8,"reduceNum":8,"reduceOutFile":"","workerId":7,"workerType":1}
Sun May 14 14:31:40 CST 2023-method:requireTaskprams:[Ljava.lang.Object;@406e0d3resp:{"done":false,"jobFile":"E:\\Projects\\JAVA_IDEA\\MIT6.5840\\mapreduce\\src\\main\\resources\\articles\\pg-being_ernest.txt","mapNum":8,"reduceNum":8,"reduceOutFile":"","workerId":0,"workerType":1}
Sun May 14 14:31:40 CST 2023-method:requireTaskprams:[Ljava.lang.Object;@329045a8resp:{"done":false,"jobFile":"E:\\Projects\\JAVA_IDEA\\MIT6.5840\\mapreduce\\src\\main\\resources\\articles\\pg-metamorphosis.txt","mapNum":8,"reduceNum":8,"reduceOutFile":"","workerId":5,"workerType":1}
Sun May 14 14:31:40 CST 2023-method:requireTaskprams:[Ljava.lang.Object;@12b1d33resp:{"done":false,"jobFile":"E:\\Projects\\JAVA_IDEA\\MIT6.5840\\mapreduce\\src\\main\\resources\\articles\\pg-dorian_gray.txt","mapNum":8,"reduceNum":8,"reduceOutFile":"","workerId":1,"workerType":1}
Sun May 14 14:31:40 CST 2023-method:requireTaskprams:[Ljava.lang.Object;@2c14a68dresp:{"done":false,"jobFile":"E:\\Projects\\JAVA_IDEA\\MIT6.5840\\mapreduce\\src\\main\\resources\\articles\\pg-grimm.txt","mapNum":8,"reduceNum":8,"reduceOutFile":"","workerId":3,"workerType":1}
Sun May 14 14:31:40 CST 2023-method:requireTaskprams:[Ljava.lang.Object;@37fcc76eresp:{"done":false,"jobFile":"E:\\Projects\\JAVA_IDEA\\MIT6.5840\\mapreduce\\src\\main\\resources\\articles\\pg-huckleberry_finn.txt","mapNum":8,"reduceNum":8,"reduceOutFile":"","workerId":4,"workerType":1}
Sun May 14 14:37:27 CST 2023-server started on port:10001
Sun May 14 14:37:27 CST 2023-server started on port:14290
Sun May 14 14:37:27 CST 2023-server started on port:14747
Sun May 14 14:37:27 CST 2023-server started on port:14046
Sun May 14 14:37:27 CST 2023-server started on port:14895
Sun May 14 14:37:27 CST 2023-server started on port:14661
Sun May 14 14:37:27 CST 2023-method:requireTaskprams:[Ljava.lang.Object;@2899bdbfresp:{"done":false,"jobFile":"E:\\Projects\\JAVA_IDEA\\MIT6.5840\\mapreduce\\src\\main\\resources\\articles\\pg-metamorphosis.txt","mapNum":8,"reduceNum":8,"reduceOutFile":"","workerId":5,"workerType":1}
Sun May 14 14:37:27 CST 2023-method:requireTaskprams:[Ljava.lang.Object;@409fd42aresp:{"done":false,"jobFile":"E:\\Projects\\JAVA_IDEA\\MIT6.5840\\mapreduce\\src\\main\\resources\\articles\\pg-huckleberry_finn.txt","mapNum":8,"reduceNum":8,"reduceOutFile":"","workerId":4,"workerType":1}
Sun May 14 14:37:27 CST 2023-method:requireTaskprams:[Ljava.lang.Object;@6ccf0cb4resp:{"done":false,"jobFile":"E:\\Projects\\JAVA_IDEA\\MIT6.5840\\mapreduce\\src\\main\\resources\\articles\\pg-dorian_gray.txt","mapNum":8,"reduceNum":8,"reduceOutFile":"","workerId":1,"workerType":1}
Sun May 14 14:37:27 CST 2023-method:requireTaskprams:[Ljava.lang.Object;@22fc4c1cresp:{"done":false,"jobFile":"E:\\Projects\\JAVA_IDEA\\MIT6.5840\\mapreduce\\src\\main\\resources\\articles\\pg-sherlock_holmes.txt","mapNum":8,"reduceNum":8,"reduceOutFile":"","workerId":6,"workerType":1}
Sun May 14 14:37:27 CST 2023-method:requireTaskprams:[Ljava.lang.Object;@43ea190fresp:{"done":false,"jobFile":"E:\\Projects\\JAVA_IDEA\\MIT6.5840\\mapreduce\\src\\main\\resources\\articles\\pg-frankenstein.txt","mapNum":8,"reduceNum":8,"reduceOutFile":"","workerId":2,"workerType":1}
Sun May 14 14:37:27 CST 2023-method:requireTaskprams:[Ljava.lang.Object;@5959d12bresp:{"done":false,"jobFile":"E:\\Projects\\JAVA_IDEA\\MIT6.5840\\mapreduce\\src\\main\\resources\\articles\\pg-grimm.txt","mapNum":8,"reduceNum":8,"reduceOutFile":"","workerId":3,"workerType":1}
Sun May 14 14:37:27 CST 2023-method:requireTaskprams:[Ljava.lang.Object;@4e5ddb69resp:{"done":false,"jobFile":"E:\\Projects\\JAVA_IDEA\\MIT6.5840\\mapreduce\\src\\main\\resources\\articles\\pg-being_ernest.txt","mapNum":8,"reduceNum":8,"reduceOutFile":"","workerId":0,"workerType":1}
Sun May 14 14:37:27 CST 2023-method:requireTaskprams:[Ljava.lang.Object;@769ea8b0resp:{"done":false,"jobFile":"E:\\Projects\\JAVA_IDEA\\MIT6.5840\\mapreduce\\src\\main\\resources\\articles\\pg-tom_sawyer.txt","mapNum":8,"reduceNum":8,"reduceOutFile":"","workerId":7,"workerType":1}
Sun May 14 14:38:03 CST 2023-server started on port:10001
Sun May 14 14:38:03 CST 2023-server started on port:14034
Sun May 14 14:38:03 CST 2023-server started on port:14144
Sun May 14 14:38:04 CST 2023-server started on port:14556
Sun May 14 14:38:04 CST 2023-server started on port:14683
Sun May 14 14:38:04 CST 2023-server started on port:14046
Sun May 14 14:38:04 CST 2023-server started on port:14966
Sun May 14 14:38:04 CST 2023-server started on port:14731
Sun May 14 14:38:04 CST 2023-server started on port:14072
Sun May 14 14:38:04 CST 2023-method:requireTaskprams:[Ljava.lang.Object;@5d6fe54aresp:{"done":false,"jobFile":"E:\\Projects\\JAVA_IDEA\\MIT6.5840\\mapreduce\\src\\main\\resources\\articles\\pg-tom_sawyer.txt","mapNum":8,"reduceNum":8,"reduceOutFile":"","workerId":7,"workerType":1}
Sun May 14 14:38:04 CST 2023-method:requireTaskprams:[Ljava.lang.Object;@24ff98b5resp:{"done":false,"jobFile":"E:\\Projects\\JAVA_IDEA\\MIT6.5840\\mapreduce\\src\\main\\resources\\articles\\pg-metamorphosis.txt","mapNum":8,"reduceNum":8,"reduceOutFile":"","workerId":5,"workerType":1}
Sun May 14 14:38:04 CST 2023-method:requireTaskprams:[Ljava.lang.Object;@5c46ae71resp:{"done":false,"jobFile":"E:\\Projects\\JAVA_IDEA\\MIT6.5840\\mapreduce\\src\\main\\resources\\articles\\pg-huckleberry_finn.txt","mapNum":8,"reduceNum":8,"reduceOutFile":"","workerId":4,"workerType":1}
Sun May 14 14:38:04 CST 2023-method:requireTaskprams:[Ljava.lang.Object;@1bcef71resp:{"done":false,"jobFile":"E:\\Projects\\JAVA_IDEA\\MIT6.5840\\mapreduce\\src\\main\\resources\\articles\\pg-sherlock_holmes.txt","mapNum":8,"reduceNum":8,"reduceOutFile":"","workerId":6,"workerType":1}
Sun May 14 14:38:04 CST 2023-method:requireTaskprams:[Ljava.lang.Object;@408023e4resp:{"done":false,"jobFile":"E:\\Projects\\JAVA_IDEA\\MIT6.5840\\mapreduce\\src\\main\\resources\\articles\\pg-frankenstein.txt","mapNum":8,"reduceNum":8,"reduceOutFile":"","workerId":2,"workerType":1}
Sun May 14 14:38:04 CST 2023-method:requireTaskprams:[Ljava.lang.Object;@783283ecresp:{"done":false,"jobFile":"E:\\Projects\\JAVA_IDEA\\MIT6.5840\\mapreduce\\src\\main\\resources\\articles\\pg-dorian_gray.txt","mapNum":8,"reduceNum":8,"reduceOutFile":"","workerId":1,"workerType":1}
Sun May 14 14:38:04 CST 2023-method:requireTaskprams:[Ljava.lang.Object;@2c4cb09cresp:{"done":false,"jobFile":"E:\\Projects\\JAVA_IDEA\\MIT6.5840\\mapreduce\\src\\main\\resources\\articles\\pg-grimm.txt","mapNum":8,"reduceNum":8,"reduceOutFile":"","workerId":3,"workerType":1}
Sun May 14 14:38:04 CST 2023-method:requireTaskprams:[Ljava.lang.Object;@7e4a7c06resp:{"done":false,"jobFile":"E:\\Projects\\JAVA_IDEA\\MIT6.5840\\mapreduce\\src\\main\\resources\\articles\\pg-being_ernest.txt","mapNum":8,"reduceNum":8,"reduceOutFile":"","workerId":0,"workerType":1}
Sun May 14 14:38:53 CST 2023-server started on port:10001
Sun May 14 14:38:54 CST 2023-server started on port:14375
Sun May 14 14:38:54 CST 2023-server started on port:14060
Sun May 14 14:38:54 CST 2023-server started on port:14978
Sun May 14 14:38:54 CST 2023-server started on port:14126
Sun May 14 14:38:54 CST 2023-server started on port:14950
Sun May 14 14:38:54 CST 2023-server started on port:14044
Sun May 14 14:38:54 CST 2023-server started on port:14945
Sun May 14 14:38:54 CST 2023-server started on port:14116
Sun May 14 14:39:10 CST 2023-method:requireTaskprams:[Ljava.lang.Object;@28147ba1resp:{"done":false,"jobFile":"E:\\Projects\\JAVA_IDEA\\MIT6.5840\\mapreduce\\src\\main\\resources\\articles\\pg-grimm.txt","mapNum":8,"reduceNum":8,"reduceOutFile":"","workerId":3,"workerType":1}
Sun May 14 14:39:10 CST 2023-method:requireTaskprams:[Ljava.lang.Object;@44a51f62resp:{"done":false,"jobFile":"E:\\Projects\\JAVA_IDEA\\MIT6.5840\\mapreduce\\src\\main\\resources\\articles\\pg-being_ernest.txt","mapNum":8,"reduceNum":8,"reduceOutFile":"","workerId":0,"workerType":1}
Sun May 14 14:39:10 CST 2023-method:requireTaskprams:[Ljava.lang.Object;@32ba1cc0resp:{"done":false,"jobFile":"E:\\Projects\\JAVA_IDEA\\MIT6.5840\\mapreduce\\src\\main\\resources\\articles\\pg-huckleberry_finn.txt","mapNum":8,"reduceNum":8,"reduceOutFile":"","workerId":4,"workerType":1}
Sun May 14 14:39:10 CST 2023-method:requireTaskprams:[Ljava.lang.Object;@467a6a5eresp:{"done":false,"jobFile":"E:\\Projects\\JAVA_IDEA\\MIT6.5840\\mapreduce\\src\\main\\resources\\articles\\pg-dorian_gray.txt","mapNum":8,"reduceNum":8,"reduceOutFile":"","workerId":1,"workerType":1}
Sun May 14 14:39:10 CST 2023-method:requireTaskprams:[Ljava.lang.Object;@113a26dfresp:{"done":false,"jobFile":"E:\\Projects\\JAVA_IDEA\\MIT6.5840\\mapreduce\\src\\main\\resources\\articles\\pg-frankenstein.txt","mapNum":8,"reduceNum":8,"reduceOutFile":"","workerId":2,"workerType":1}
Sun May 14 14:39:10 CST 2023-method:requireTaskprams:[Ljava.lang.Object;@7b761233resp:{"done":false,"jobFile":"E:\\Projects\\JAVA_IDEA\\MIT6.5840\\mapreduce\\src\\main\\resources\\articles\\pg-tom_sawyer.txt","mapNum":8,"reduceNum":8,"reduceOutFile":"","workerId":7,"workerType":1}
Sun May 14 14:39:10 CST 2023-method:requireTaskprams:[Ljava.lang.Object;@1b2c1dd2resp:{"done":false,"jobFile":"E:\\Projects\\JAVA_IDEA\\MIT6.5840\\mapreduce\\src\\main\\resources\\articles\\pg-sherlock_holmes.txt","mapNum":8,"reduceNum":8,"reduceOutFile":"","workerId":6,"workerType":1}
Sun May 14 14:39:26 CST 2023-server started on port:10001
Sun May 14 14:39:26 CST 2023-server started on port:14676
Sun May 14 14:39:26 CST 2023-server started on port:14348
Sun May 14 14:39:26 CST 2023-server started on port:14942
Sun May 14 14:39:26 CST 2023-server started on port:14477
Sun May 14 14:39:26 CST 2023-server started on port:14971
Sun May 14 14:39:26 CST 2023-server started on port:14116
Sun May 14 14:39:26 CST 2023-server started on port:14603
Sun May 14 14:39:26 CST 2023-server started on port:14159
Sun May 14 14:40:05 CST 2023-method:requireTaskprams:[Ljava.lang.Object;@25b07f09resp:{"done":false,"jobFile":"E:\\Projects\\JAVA_IDEA\\MIT6.5840\\mapreduce\\src\\main\\resources\\articles\\pg-sherlock_holmes.txt","mapNum":8,"reduceNum":8,"reduceOutFile":"","workerId":6,"workerType":1}
Sun May 14 14:40:05 CST 2023-method:requireTaskprams:[Ljava.lang.Object;@57421b95resp:{"done":false,"jobFile":"E:\\Projects\\JAVA_IDEA\\MIT6.5840\\mapreduce\\src\\main\\resources\\articles\\pg-frankenstein.txt","mapNum":8,"reduceNum":8,"reduceOutFile":"","workerId":2,"workerType":1}
Sun May 14 14:40:04 CST 2023-method:requireTaskprams:[Ljava.lang.Object;@3cd436b5resp:{"done":false,"jobFile":"E:\\Projects\\JAVA_IDEA\\MIT6.5840\\mapreduce\\src\\main\\resources\\articles\\pg-being_ernest.txt","mapNum":8,"reduceNum":8,"reduceOutFile":"","workerId":0,"workerType":1}
Sun May 14 14:40:06 CST 2023-method:requireTaskprams:[Ljava.lang.Object;@6434cd11resp:{"done":false,"jobFile":"E:\\Projects\\JAVA_IDEA\\MIT6.5840\\mapreduce\\src\\main\\resources\\articles\\pg-huckleberry_finn.txt","mapNum":8,"reduceNum":8,"reduceOutFile":"","workerId":4,"workerType":1}
Sun May 14 14:40:06 CST 2023-method:requireTaskprams:[Ljava.lang.Object;@786571cfresp:{"done":false,"jobFile":"E:\\Projects\\JAVA_IDEA\\MIT6.5840\\mapreduce\\src\\main\\resources\\articles\\pg-grimm.txt","mapNum":8,"reduceNum":8,"reduceOutFile":"","workerId":3,"workerType":1}
Sun May 14 14:40:06 CST 2023-method:requireTaskprams:[Ljava.lang.Object;@64d79c78resp:{"done":false,"jobFile":"E:\\Projects\\JAVA_IDEA\\MIT6.5840\\mapreduce\\src\\main\\resources\\articles\\pg-metamorphosis.txt","mapNum":8,"reduceNum":8,"reduceOutFile":"","workerId":5,"workerType":1}
Sun May 14 14:40:07 CST 2023-method:requireTaskprams:[Ljava.lang.Object;@85845d0resp:{"done":false,"jobFile":"E:\\Projects\\JAVA_IDEA\\MIT6.5840\\mapreduce\\src\\main\\resources\\articles\\pg-dorian_gray.txt","mapNum":8,"reduceNum":8,"reduceOutFile":"","workerId":1,"workerType":1}
Sun May 14 14:40:08 CST 2023-method:requireTaskprams:[Ljava.lang.Object;@628ff86dresp:{"done":false,"jobFile":"E:\\Projects\\JAVA_IDEA\\MIT6.5840\\mapreduce\\src\\main\\resources\\articles\\pg-tom_sawyer.txt","mapNum":8,"reduceNum":8,"reduceOutFile":"","workerId":7,"workerType":1}
Sun May 14 14:43:13 CST 2023-server started on port:10001
Sun May 14 14:43:50 CST 2023-server started on port:14341
Sun May 14 14:43:50 CST 2023-server started on port:14752
Sun May 14 14:43:50 CST 2023-server started on port:14653
Sun May 14 14:43:50 CST 2023-server started on port:14229
Sun May 14 14:43:50 CST 2023-server started on port:14585
Sun May 14 14:43:50 CST 2023-server started on port:14866
Sun May 14 14:43:50 CST 2023-server started on port:14286
Sun May 14 14:44:01 CST 2023-server started on port:14836
Sun May 14 14:44:02 CST 2023-method:requireTaskprams:[Ljava.lang.Object;@a7619e0resp:{"done":false,"jobFile":"E:\\Projects\\JAVA_IDEA\\MIT6.5840\\mapreduce\\src\\main\\resources\\articles\\pg-being_ernest.txt","mapNum":8,"reduceNum":8,"reduceOutFile":"","workerId":0,"workerType":1}
Sun May 14 14:44:02 CST 2023-method:requireTaskprams:[Ljava.lang.Object;@d780ee0resp:{"done":false,"jobFile":"E:\\Projects\\JAVA_IDEA\\MIT6.5840\\mapreduce\\src\\main\\resources\\articles\\pg-metamorphosis.txt","mapNum":8,"reduceNum":8,"reduceOutFile":"","workerId":5,"workerType":1}
Sun May 14 14:44:02 CST 2023-method:requireTaskprams:[Ljava.lang.Object;@23915b1dresp:{"done":false,"jobFile":"E:\\Projects\\JAVA_IDEA\\MIT6.5840\\mapreduce\\src\\main\\resources\\articles\\pg-dorian_gray.txt","mapNum":8,"reduceNum":8,"reduceOutFile":"","workerId":1,"workerType":1}
Sun May 14 14:44:02 CST 2023-method:requireTaskprams:[Ljava.lang.Object;@34693c3cresp:{"done":false,"jobFile":"E:\\Projects\\JAVA_IDEA\\MIT6.5840\\mapreduce\\src\\main\\resources\\articles\\pg-grimm.txt","mapNum":8,"reduceNum":8,"reduceOutFile":"","workerId":3,"workerType":1}
Sun May 14 14:44:02 CST 2023-method:requireTaskprams:[Ljava.lang.Object;@36f70fc9resp:{"done":false,"jobFile":"E:\\Projects\\JAVA_IDEA\\MIT6.5840\\mapreduce\\src\\main\\resources\\articles\\pg-frankenstein.txt","mapNum":8,"reduceNum":8,"reduceOutFile":"","workerId":2,"workerType":1}
Sun May 14 14:44:02 CST 2023-method:requireTaskprams:[Ljava.lang.Object;@66c5bcf0resp:{"done":false,"jobFile":"E:\\Projects\\JAVA_IDEA\\MIT6.5840\\mapreduce\\src\\main\\resources\\articles\\pg-huckleberry_finn.txt","mapNum":8,"reduceNum":8,"reduceOutFile":"","workerId":4,"workerType":1}
Sun May 14 14:44:02 CST 2023-method:requireTaskprams:[Ljava.lang.Object;@63547a62resp:{"done":false,"jobFile":"E:\\Projects\\JAVA_IDEA\\MIT6.5840\\mapreduce\\src\\main\\resources\\articles\\pg-tom_sawyer.txt","mapNum":8,"reduceNum":8,"reduceOutFile":"","workerId":7,"workerType":1}
Sun May 14 14:44:23 CST 2023-method:requireTaskprams:[Ljava.lang.Object;@7d76e119resp:{"done":false,"jobFile":"E:\\Projects\\JAVA_IDEA\\MIT6.5840\\mapreduce\\src\\main\\resources\\articles\\pg-sherlock_holmes.txt","mapNum":8,"reduceNum":8,"reduceOutFile":"","workerId":6,"workerType":1}
Sun May 14 14:45:17 CST 2023-server started on port:10001
Sun May 14 14:45:17 CST 2023-server started on port:14926
Sun May 14 14:45:17 CST 2023-server started on port:14771
Sun May 14 14:45:17 CST 2023-server started on port:14528
Sun May 14 14:45:17 CST 2023-server started on port:14636
Sun May 14 14:45:17 CST 2023-server started on port:14228
Sun May 14 14:45:17 CST 2023-server started on port:14309
Sun May 14 14:45:17 CST 2023-server started on port:14901
Sun May 14 14:45:17 CST 2023-method:requireTaskprams:[Ljava.lang.Object;@2b72314eresp:{"done":false,"jobFile":"E:\\Projects\\JAVA_IDEA\\MIT6.5840\\mapreduce\\src\\main\\resources\\articles\\pg-being_ernest.txt","mapNum":8,"reduceNum":8,"reduceOutFile":"","workerId":0,"workerType":1}
Sun May 14 14:45:17 CST 2023-method:requireTaskprams:[Ljava.lang.Object;@3abb5aa2resp:{"done":false,"jobFile":"E:\\Projects\\JAVA_IDEA\\MIT6.5840\\mapreduce\\src\\main\\resources\\articles\\pg-sherlock_holmes.txt","mapNum":8,"reduceNum":8,"reduceOutFile":"","workerId":6,"workerType":1}
Sun May 14 14:45:17 CST 2023-method:requireTaskprams:[Ljava.lang.Object;@46034685resp:{"done":false,"jobFile":"E:\\Projects\\JAVA_IDEA\\MIT6.5840\\mapreduce\\src\\main\\resources\\articles\\pg-grimm.txt","mapNum":8,"reduceNum":8,"reduceOutFile":"","workerId":3,"workerType":1}
Sun May 14 14:45:17 CST 2023-method:requireTaskprams:[Ljava.lang.Object;@2da4d32dresp:{"done":false,"jobFile":"E:\\Projects\\JAVA_IDEA\\MIT6.5840\\mapreduce\\src\\main\\resources\\articles\\pg-huckleberry_finn.txt","mapNum":8,"reduceNum":8,"reduceOutFile":"","workerId":4,"workerType":1}
Sun May 14 14:45:17 CST 2023-method:requireTaskprams:[Ljava.lang.Object;@693de69aresp:{"done":false,"jobFile":"E:\\Projects\\JAVA_IDEA\\MIT6.5840\\mapreduce\\src\\main\\resources\\articles\\pg-metamorphosis.txt","mapNum":8,"reduceNum":8,"reduceOutFile":"","workerId":5,"workerType":1}
Sun May 14 14:45:17 CST 2023-method:requireTaskprams:[Ljava.lang.Object;@2bcae5f1resp:{"done":false,"jobFile":"E:\\Projects\\JAVA_IDEA\\MIT6.5840\\mapreduce\\src\\main\\resources\\articles\\pg-dorian_gray.txt","mapNum":8,"reduceNum":8,"reduceOutFile":"","workerId":1,"workerType":1}
Sun May 14 14:45:17 CST 2023-method:requireTaskprams:[Ljava.lang.Object;@3cae4f7eresp:{"done":false,"jobFile":"E:\\Projects\\JAVA_IDEA\\MIT6.5840\\mapreduce\\src\\main\\resources\\articles\\pg-frankenstein.txt","mapNum":8,"reduceNum":8,"reduceOutFile":"","workerId":2,"workerType":1}
Sun May 14 14:45:17 CST 2023-server started on port:14135
Sun May 14 14:45:17 CST 2023-method:requireTaskprams:[Ljava.lang.Object;@5fe511e0resp:{"done":false,"jobFile":"E:\\Projects\\JAVA_IDEA\\MIT6.5840\\mapreduce\\src\\main\\resources\\articles\\pg-tom_sawyer.txt","mapNum":8,"reduceNum":8,"reduceOutFile":"","workerId":7,"workerType":1}
Sun May 14 14:50:17 CST 2023-server started on port:10001
Sun May 14 14:50:17 CST 2023-server started on port:14854
Sun May 14 14:50:17 CST 2023-server started on port:14919
Sun May 14 14:50:17 CST 2023-server started on port:14698
Sun May 14 14:50:17 CST 2023-server started on port:14563
Sun May 14 14:50:17 CST 2023-server started on port:14567
Sun May 14 14:50:17 CST 2023-server started on port:14727
Sun May 14 14:50:17 CST 2023-server started on port:14641
Sun May 14 14:50:17 CST 2023-server started on port:14813
Sun May 14 14:50:32 CST 2023-method:requireTaskprams:[Ljava.lang.Object;@7864310bresp:{"done":false,"jobFile":"E:\\Projects\\JAVA_IDEA\\MIT6.5840\\mapreduce\\src\\main\\resources\\articles\\pg-dorian_gray.txt","mapNum":8,"reduceNum":8,"reduceOutFile":"","workerId":1,"workerType":1}
Sun May 14 14:50:32 CST 2023-method:requireTaskprams:[Ljava.lang.Object;@39c94c64resp:{"done":false,"jobFile":"E:\\Projects\\JAVA_IDEA\\MIT6.5840\\mapreduce\\src\\main\\resources\\articles\\pg-grimm.txt","mapNum":8,"reduceNum":8,"reduceOutFile":"","workerId":3,"workerType":1}
Sun May 14 14:50:32 CST 2023-method:requireTaskprams:[Ljava.lang.Object;@454232aeresp:{"done":false,"jobFile":"E:\\Projects\\JAVA_IDEA\\MIT6.5840\\mapreduce\\src\\main\\resources\\articles\\pg-metamorphosis.txt","mapNum":8,"reduceNum":8,"reduceOutFile":"","workerId":5,"workerType":1}
Sun May 14 14:50:32 CST 2023-method:requireTaskprams:[Ljava.lang.Object;@df831a6resp:{"done":false,"jobFile":"E:\\Projects\\JAVA_IDEA\\MIT6.5840\\mapreduce\\src\\main\\resources\\articles\\pg-sherlock_holmes.txt","mapNum":8,"reduceNum":8,"reduceOutFile":"","workerId":6,"workerType":1}
Sun May 14 14:50:32 CST 2023-method:requireTaskprams:[Ljava.lang.Object;@23d6d13resp:{"done":false,"jobFile":"E:\\Projects\\JAVA_IDEA\\MIT6.5840\\mapreduce\\src\\main\\resources\\articles\\pg-frankenstein.txt","mapNum":8,"reduceNum":8,"reduceOutFile":"","workerId":2,"workerType":1}
Sun May 14 14:50:32 CST 2023-method:requireTaskprams:[Ljava.lang.Object;@266a7b75resp:{"done":false,"jobFile":"E:\\Projects\\JAVA_IDEA\\MIT6.5840\\mapreduce\\src\\main\\resources\\articles\\pg-tom_sawyer.txt","mapNum":8,"reduceNum":8,"reduceOutFile":"","workerId":7,"workerType":1}
Sun May 14 14:50:32 CST 2023-method:requireTaskprams:[Ljava.lang.Object;@41fb647bresp:{"done":false,"jobFile":"E:\\Projects\\JAVA_IDEA\\MIT6.5840\\mapreduce\\src\\main\\resources\\articles\\pg-being_ernest.txt","mapNum":8,"reduceNum":8,"reduceOutFile":"","workerId":0,"workerType":1}
Sun May 14 14:50:32 CST 2023-method:requireTaskprams:[Ljava.lang.Object;@66f56009resp:{"done":false,"jobFile":"E:\\Projects\\JAVA_IDEA\\MIT6.5840\\mapreduce\\src\\main\\resources\\articles\\pg-huckleberry_finn.txt","mapNum":8,"reduceNum":8,"reduceOutFile":"","workerId":4,"workerType":1}
Sun May 14 14:50:43 CST 2023-server started on port:10001
Sun May 14 14:50:43 CST 2023-server started on port:14197
Sun May 14 14:50:43 CST 2023-server started on port:14288
Sun May 14 14:50:43 CST 2023-server started on port:14533
Sun May 14 14:50:44 CST 2023-server started on port:14864
Sun May 14 14:50:44 CST 2023-server started on port:14472
Sun May 14 14:50:44 CST 2023-server started on port:14854
Sun May 14 14:50:44 CST 2023-server started on port:14208
Sun May 14 14:50:44 CST 2023-server started on port:14543
Sun May 14 14:51:29 CST 2023-method:requireTaskprams:[Ljava.lang.Object;@6386927cresp:{"done":false,"jobFile":"E:\\Projects\\JAVA_IDEA\\MIT6.5840\\mapreduce\\src\\main\\resources\\articles\\pg-dorian_gray.txt","mapNum":8,"reduceNum":8,"reduceOutFile":"","workerId":1,"workerType":1}
Sun May 14 14:51:29 CST 2023-method:requireTaskprams:[Ljava.lang.Object;@2d97e6resp:{"done":false,"jobFile":"E:\\Projects\\JAVA_IDEA\\MIT6.5840\\mapreduce\\src\\main\\resources\\articles\\pg-grimm.txt","mapNum":8,"reduceNum":8,"reduceOutFile":"","workerId":3,"workerType":1}
Sun May 14 14:51:29 CST 2023-method:requireTaskprams:[Ljava.lang.Object;@1400d433resp:{"done":false,"jobFile":"E:\\Projects\\JAVA_IDEA\\MIT6.5840\\mapreduce\\src\\main\\resources\\articles\\pg-frankenstein.txt","mapNum":8,"reduceNum":8,"reduceOutFile":"","workerId":2,"workerType":1}
Sun May 14 14:51:29 CST 2023-method:requireTaskprams:[Ljava.lang.Object;@43d4fce6resp:{"done":false,"jobFile":"E:\\Projects\\JAVA_IDEA\\MIT6.5840\\mapreduce\\src\\main\\resources\\articles\\pg-huckleberry_finn.txt","mapNum":8,"reduceNum":8,"reduceOutFile":"","workerId":4,"workerType":1}
Sun May 14 14:51:29 CST 2023-method:requireTaskprams:[Ljava.lang.Object;@3dfb913bresp:{"done":false,"jobFile":"E:\\Projects\\JAVA_IDEA\\MIT6.5840\\mapreduce\\src\\main\\resources\\articles\\pg-sherlock_holmes.txt","mapNum":8,"reduceNum":8,"reduceOutFile":"","workerId":6,"workerType":1}
Sun May 14 14:51:29 CST 2023-method:requireTaskprams:[Ljava.lang.Object;@1e58e901resp:{"done":false,"jobFile":"E:\\Projects\\JAVA_IDEA\\MIT6.5840\\mapreduce\\src\\main\\resources\\articles\\pg-tom_sawyer.txt","mapNum":8,"reduceNum":8,"reduceOutFile":"","workerId":7,"workerType":1}
Sun May 14 14:51:29 CST 2023-method:requireTaskprams:[Ljava.lang.Object;@22d85aedresp:{"done":false,"jobFile":"E:\\Projects\\JAVA_IDEA\\MIT6.5840\\mapreduce\\src\\main\\resources\\articles\\pg-metamorphosis.txt","mapNum":8,"reduceNum":8,"reduceOutFile":"","workerId":5,"workerType":1}
Sun May 14 14:51:29 CST 2023-method:requireTaskprams:[Ljava.lang.Object;@2561a57resp:{"done":false,"jobFile":"E:\\Projects\\JAVA_IDEA\\MIT6.5840\\mapreduce\\src\\main\\resources\\articles\\pg-being_ernest.txt","mapNum":8,"reduceNum":8,"reduceOutFile":"","workerId":0,"workerType":1}
Sun May 14 14:56:52 CST 2023-server started on port:10001
Sun May 14 14:56:52 CST 2023-server started on port:14844
Sun May 14 14:56:52 CST 2023-server started on port:14637
Sun May 14 14:56:52 CST 2023-server started on port:14018
Sun May 14 14:56:52 CST 2023-server started on port:14915
Sun May 14 14:56:52 CST 2023-server started on port:14680
Sun May 14 14:56:52 CST 2023-server started on port:14028
Sun May 14 14:56:52 CST 2023-server started on port:14484
Sun May 14 14:56:52 CST 2023-server started on port:14897
Sun May 14 14:57:06 CST 2023-method:requireTaskprams:[Ljava.lang.Object;@5f41c01eresp:{"done":false,"jobFile":"E:\\Projects\\JAVA_IDEA\\MIT6.5840\\mapreduce\\src\\main\\resources\\articles\\pg-sherlock_holmes.txt","mapNum":8,"reduceNum":8,"reduceOutFile":"","workerId":6,"workerType":1}
Sun May 14 14:57:06 CST 2023-method:requireTaskprams:[Ljava.lang.Object;@48ed936bresp:{"done":false,"jobFile":"E:\\Projects\\JAVA_IDEA\\MIT6.5840\\mapreduce\\src\\main\\resources\\articles\\pg-metamorphosis.txt","mapNum":8,"reduceNum":8,"reduceOutFile":"","workerId":5,"workerType":1}
Sun May 14 14:57:06 CST 2023-method:requireTaskprams:[Ljava.lang.Object;@5831001resp:{"done":false,"jobFile":"E:\\Projects\\JAVA_IDEA\\MIT6.5840\\mapreduce\\src\\main\\resources\\articles\\pg-frankenstein.txt","mapNum":8,"reduceNum":8,"reduceOutFile":"","workerId":2,"workerType":1}
Sun May 14 14:57:06 CST 2023-method:requireTaskprams:[Ljava.lang.Object;@3752fc9cresp:{"done":false,"jobFile":"E:\\Projects\\JAVA_IDEA\\MIT6.5840\\mapreduce\\src\\main\\resources\\articles\\pg-dorian_gray.txt","mapNum":8,"reduceNum":8,"reduceOutFile":"","workerId":1,"workerType":1}
Sun May 14 14:57:06 CST 2023-method:requireTaskprams:[Ljava.lang.Object;@27550e26resp:{"done":false,"jobFile":"E:\\Projects\\JAVA_IDEA\\MIT6.5840\\mapreduce\\src\\main\\resources\\articles\\pg-tom_sawyer.txt","mapNum":8,"reduceNum":8,"reduceOutFile":"","workerId":7,"workerType":1}
Sun May 14 14:57:06 CST 2023-method:requireTaskprams:[Ljava.lang.Object;@6d6114aresp:{"done":false,"jobFile":"E:\\Projects\\JAVA_IDEA\\MIT6.5840\\mapreduce\\src\\main\\resources\\articles\\pg-huckleberry_finn.txt","mapNum":8,"reduceNum":8,"reduceOutFile":"","workerId":4,"workerType":1}
Sun May 14 14:57:06 CST 2023-method:requireTaskprams:[Ljava.lang.Object;@6a39cbd8resp:{"done":false,"jobFile":"E:\\Projects\\JAVA_IDEA\\MIT6.5840\\mapreduce\\src\\main\\resources\\articles\\pg-being_ernest.txt","mapNum":8,"reduceNum":8,"reduceOutFile":"","workerId":0,"workerType":1}
Sun May 14 14:57:06 CST 2023-method:requireTaskprams:[Ljava.lang.Object;@7416ec31resp:{"done":false,"jobFile":"E:\\Projects\\JAVA_IDEA\\MIT6.5840\\mapreduce\\src\\main\\resources\\articles\\pg-grimm.txt","mapNum":8,"reduceNum":8,"reduceOutFile":"","workerId":3,"workerType":1}
Sun May 14 15:00:04 CST 2023-server started on port:10001
Sun May 14 15:00:04 CST 2023-server started on port:14713
Sun May 14 15:00:04 CST 2023-server started on port:14139
Sun May 14 15:00:04 CST 2023-server started on port:14621
Sun May 14 15:00:04 CST 2023-server started on port:14449
Sun May 14 15:00:04 CST 2023-server started on port:14102
Sun May 14 15:00:07 CST 2023-method:requireTaskprams:[Ljava.lang.Object;@185f99b3resp:{"done":false,"jobFile":"E:\\Projects\\JAVA_IDEA\\MIT6.5840\\mapreduce\\src\\main\\resources\\articles\\pg-sherlock_holmes.txt","mapNum":8,"reduceNum":8,"reduceOutFile":"","workerId":6,"workerType":1}
Sun May 14 15:00:07 CST 2023-method:requireTaskprams:[Ljava.lang.Object;@5a9c9f95resp:{"done":false,"jobFile":"E:\\Projects\\JAVA_IDEA\\MIT6.5840\\mapreduce\\src\\main\\resources\\articles\\pg-huckleberry_finn.txt","mapNum":8,"reduceNum":8,"reduceOutFile":"","workerId":4,"workerType":1}
Sun May 14 15:00:07 CST 2023-method:requireTaskprams:[Ljava.lang.Object;@525db90fresp:{"done":false,"jobFile":"E:\\Projects\\JAVA_IDEA\\MIT6.5840\\mapreduce\\src\\main\\resources\\articles\\pg-tom_sawyer.txt","mapNum":8,"reduceNum":8,"reduceOutFile":"","workerId":7,"workerType":1}
Sun May 14 15:00:07 CST 2023-method:requireTaskprams:[Ljava.lang.Object;@6a628ba8resp:{"done":false,"jobFile":"E:\\Projects\\JAVA_IDEA\\MIT6.5840\\mapreduce\\src\\main\\resources\\articles\\pg-metamorphosis.txt","mapNum":8,"reduceNum":8,"reduceOutFile":"","workerId":5,"workerType":1}
Sun May 14 15:00:07 CST 2023-method:requireTaskprams:[Ljava.lang.Object;@1177e4c6resp:{"done":false,"jobFile":"E:\\Projects\\JAVA_IDEA\\MIT6.5840\\mapreduce\\src\\main\\resources\\articles\\pg-dorian_gray.txt","mapNum":8,"reduceNum":8,"reduceOutFile":"","workerId":1,"workerType":1}
Sun May 14 15:00:07 CST 2023-method:requireTaskprams:[Ljava.lang.Object;@1728f6dbresp:{"done":false,"jobFile":"E:\\Projects\\JAVA_IDEA\\MIT6.5840\\mapreduce\\src\\main\\resources\\articles\\pg-frankenstein.txt","mapNum":8,"reduceNum":8,"reduceOutFile":"","workerId":2,"workerType":1}
Sun May 14 15:00:07 CST 2023-method:requireTaskprams:[Ljava.lang.Object;@1343643resp:{"done":false,"jobFile":"E:\\Projects\\JAVA_IDEA\\MIT6.5840\\mapreduce\\src\\main\\resources\\articles\\pg-being_ernest.txt","mapNum":8,"reduceNum":8,"reduceOutFile":"","workerId":0,"workerType":1}
Sun May 14 15:00:07 CST 2023-method:requireTaskprams:[Ljava.lang.Object;@5503fac5resp:{"done":false,"jobFile":"E:\\Projects\\JAVA_IDEA\\MIT6.5840\\mapreduce\\src\\main\\resources\\articles\\pg-grimm.txt","mapNum":8,"reduceNum":8,"reduceOutFile":"","workerId":3,"workerType":1}
Sun May 14 15:00:09 CST 2023-fail to call err,io.netty.channel.ConnectTimeoutException: connection timed out: /127.0.0.1:14982
Sun May 14 15:00:09 CST 2023-ok to find fail worker on port,14982task:MRTask(id=0, taskType=1, status=0, file=E:\Projects\JAVA_IDEA\MIT6.5840\mapreduce\src\main\resources\articles\pg-being_ernest.txt, reduceNum=8, mapNum=8, reduceOutFile=)
Sun May 14 15:00:11 CST 2023-fail to call err,io.netty.channel.ConnectTimeoutException: connection timed out: /127.0.0.1:14656
Sun May 14 15:00:11 CST 2023-ok to find fail worker on port,14656task:MRTask(id=6, taskType=1, status=0, file=E:\Projects\JAVA_IDEA\MIT6.5840\mapreduce\src\main\resources\articles\pg-sherlock_holmes.txt, reduceNum=8, mapNum=8, reduceOutFile=)
Sun May 14 15:00:13 CST 2023-fail to call err,io.netty.channel.ConnectTimeoutException: connection timed out: /127.0.0.1:14656
Sun May 14 15:00:13 CST 2023-ok to find fail worker on port,14656task:MRTask(id=6, taskType=1, status=0, file=E:\Projects\JAVA_IDEA\MIT6.5840\mapreduce\src\main\resources\articles\pg-sherlock_holmes.txt, reduceNum=8, mapNum=8, reduceOutFile=)
Sun May 14 15:00:15 CST 2023-fail to call err,io.netty.channel.ConnectTimeoutException: connection timed out: /127.0.0.1:14656
Sun May 14 15:00:15 CST 2023-ok to find fail worker on port,14656task:MRTask(id=6, taskType=1, status=0, file=E:\Projects\JAVA_IDEA\MIT6.5840\mapreduce\src\main\resources\articles\pg-sherlock_holmes.txt, reduceNum=8, mapNum=8, reduceOutFile=)
Sun May 14 15:00:17 CST 2023-fail to call err,io.netty.channel.ConnectTimeoutException: connection timed out: /127.0.0.1:14656
Sun May 14 15:00:17 CST 2023-ok to find fail worker on port,14656task:MRTask(id=6, taskType=1, status=0, file=E:\Projects\JAVA_IDEA\MIT6.5840\mapreduce\src\main\resources\articles\pg-sherlock_holmes.txt, reduceNum=8, mapNum=8, reduceOutFile=)
Sun May 14 15:00:19 CST 2023-fail to call err,io.netty.channel.ConnectTimeoutException: connection timed out: /127.0.0.1:14656
Sun May 14 15:00:19 CST 2023-ok to find fail worker on port,14656task:MRTask(id=6, taskType=1, status=0, file=E:\Projects\JAVA_IDEA\MIT6.5840\mapreduce\src\main\resources\articles\pg-sherlock_holmes.txt, reduceNum=8, mapNum=8, reduceOutFile=)
Sun May 14 15:00:21 CST 2023-fail to call err,io.netty.channel.ConnectTimeoutException: connection timed out: /127.0.0.1:14656
Sun May 14 15:00:21 CST 2023-ok to find fail worker on port,14656task:MRTask(id=6, taskType=1, status=0, file=E:\Projects\JAVA_IDEA\MIT6.5840\mapreduce\src\main\resources\articles\pg-sherlock_holmes.txt, reduceNum=8, mapNum=8, reduceOutFile=)
Sun May 14 15:00:23 CST 2023-fail to call err,io.netty.channel.ConnectTimeoutException: connection timed out: /127.0.0.1:14656
Sun May 14 15:00:23 CST 2023-ok to find fail worker on port,14656task:MRTask(id=6, taskType=1, status=0, file=E:\Projects\JAVA_IDEA\MIT6.5840\mapreduce\src\main\resources\articles\pg-sherlock_holmes.txt, reduceNum=8, mapNum=8, reduceOutFile=)
Sun May 14 15:00:25 CST 2023-fail to call err,io.netty.channel.ConnectTimeoutException: connection timed out: /127.0.0.1:14656
Sun May 14 15:00:25 CST 2023-ok to find fail worker on port,14656task:MRTask(id=6, taskType=1, status=0, file=E:\Projects\JAVA_IDEA\MIT6.5840\mapreduce\src\main\resources\articles\pg-sherlock_holmes.txt, reduceNum=8, mapNum=8, reduceOutFile=)
Sun May 14 15:00:27 CST 2023-fail to call err,io.netty.channel.ConnectTimeoutException: connection timed out: /127.0.0.1:14656
Sun May 14 15:00:27 CST 2023-ok to find fail worker on port,14656task:MRTask(id=6, taskType=1, status=0, file=E:\Projects\JAVA_IDEA\MIT6.5840\mapreduce\src\main\resources\articles\pg-sherlock_holmes.txt, reduceNum=8, mapNum=8, reduceOutFile=)
Sun May 14 15:00:29 CST 2023-fail to call err,io.netty.channel.ConnectTimeoutException: connection timed out: /127.0.0.1:14656
Sun May 14 15:00:29 CST 2023-ok to find fail worker on port,14656task:MRTask(id=6, taskType=1, status=0, file=E:\Projects\JAVA_IDEA\MIT6.5840\mapreduce\src\main\resources\articles\pg-sherlock_holmes.txt, reduceNum=8, mapNum=8, reduceOutFile=)
Sun May 14 15:00:31 CST 2023-fail to call err,io.netty.channel.ConnectTimeoutException: connection timed out: /127.0.0.1:14656
Sun May 14 15:00:31 CST 2023-ok to find fail worker on port,14656task:MRTask(id=6, taskType=1, status=0, file=E:\Projects\JAVA_IDEA\MIT6.5840\mapreduce\src\main\resources\articles\pg-sherlock_holmes.txt, reduceNum=8, mapNum=8, reduceOutFile=)
Sun May 14 15:00:33 CST 2023-fail to call err,io.netty.channel.ConnectTimeoutException: connection timed out: /127.0.0.1:14656
Sun May 14 15:00:33 CST 2023-ok to find fail worker on port,14656task:MRTask(id=6, taskType=1, status=0, file=E:\Projects\JAVA_IDEA\MIT6.5840\mapreduce\src\main\resources\articles\pg-sherlock_holmes.txt, reduceNum=8, mapNum=8, reduceOutFile=)
Sun May 14 15:00:35 CST 2023-fail to call err,io.netty.channel.ConnectTimeoutException: connection timed out: /127.0.0.1:14656
Sun May 14 15:00:35 CST 2023-ok to find fail worker on port,14656task:MRTask(id=6, taskType=1, status=0, file=E:\Projects\JAVA_IDEA\MIT6.5840\mapreduce\src\main\resources\articles\pg-sherlock_holmes.txt, reduceNum=8, mapNum=8, reduceOutFile=)
Sun May 14 15:00:37 CST 2023-fail to call err,io.netty.channel.ConnectTimeoutException: connection timed out: /127.0.0.1:14656
Sun May 14 15:00:37 CST 2023-ok to find fail worker on port,14656task:MRTask(id=6, taskType=1, status=0, file=E:\Projects\JAVA_IDEA\MIT6.5840\mapreduce\src\main\resources\articles\pg-sherlock_holmes.txt, reduceNum=8, mapNum=8, reduceOutFile=)
Sun May 14 15:00:39 CST 2023-fail to call err,io.netty.channel.ConnectTimeoutException: connection timed out: /127.0.0.1:14656
Sun May 14 15:00:39 CST 2023-ok to find fail worker on port,14656task:MRTask(id=6, taskType=1, status=0, file=E:\Projects\JAVA_IDEA\MIT6.5840\mapreduce\src\main\resources\articles\pg-sherlock_holmes.txt, reduceNum=8, mapNum=8, reduceOutFile=)
Sun May 14 15:00:41 CST 2023-fail to call err,io.netty.channel.ConnectTimeoutException: connection timed out: /127.0.0.1:14656
Sun May 14 15:00:41 CST 2023-ok to find fail worker on port,14656task:MRTask(id=6, taskType=1, status=0, file=E:\Projects\JAVA_IDEA\MIT6.5840\mapreduce\src\main\resources\articles\pg-sherlock_holmes.txt, reduceNum=8, mapNum=8, reduceOutFile=)
Sun May 14 15:00:43 CST 2023-fail to call err,io.netty.channel.ConnectTimeoutException: connection timed out: /127.0.0.1:14656
Sun May 14 15:00:43 CST 2023-ok to find fail worker on port,14656task:MRTask(id=6, taskType=1, status=0, file=E:\Projects\JAVA_IDEA\MIT6.5840\mapreduce\src\main\resources\articles\pg-sherlock_holmes.txt, reduceNum=8, mapNum=8, reduceOutFile=)
Sun May 14 15:00:45 CST 2023-fail to call err,io.netty.channel.ConnectTimeoutException: connection timed out: /127.0.0.1:14656
Sun May 14 15:00:45 CST 2023-ok to find fail worker on port,14656task:MRTask(id=6, taskType=1, status=0, file=E:\Projects\JAVA_IDEA\MIT6.5840\mapreduce\src\main\resources\articles\pg-sherlock_holmes.txt, reduceNum=8, mapNum=8, reduceOutFile=)
Sun May 14 15:00:47 CST 2023-fail to call err,io.netty.channel.ConnectTimeoutException: connection timed out: /127.0.0.1:14656
Sun May 14 15:00:47 CST 2023-ok to find fail worker on port,14656task:MRTask(id=6, taskType=1, status=0, file=E:\Projects\JAVA_IDEA\MIT6.5840\mapreduce\src\main\resources\articles\pg-sherlock_holmes.txt, reduceNum=8, mapNum=8, reduceOutFile=)
Sun May 14 15:00:49 CST 2023-fail to call err,io.netty.channel.ConnectTimeoutException: connection timed out: /127.0.0.1:14656
Sun May 14 15:00:49 CST 2023-ok to find fail worker on port,14656task:MRTask(id=6, taskType=1, status=0, file=E:\Projects\JAVA_IDEA\MIT6.5840\mapreduce\src\main\resources\articles\pg-sherlock_holmes.txt, reduceNum=8, mapNum=8, reduceOutFile=)
Sun May 14 15:04:39 CST 2023-server started on port:10001
Sun May 14 15:05:04 CST 2023-server started on port:14615
Sun May 14 15:05:20 CST 2023-server started on port:14681
Sun May 14 15:05:20 CST 2023-server started on port:14511
Sun May 14 15:05:36 CST 2023-server started on port:14943
Sun May 14 15:05:36 CST 2023-server started on port:14110
Sun May 14 15:05:36 CST 2023-server started on port:14236
Sun May 14 15:05:36 CST 2023-server started on port:14794
Sun May 14 15:05:36 CST 2023-server started on port:14842
Sun May 14 15:05:36 CST 2023-method:requireTaskprams:[Ljava.lang.Object;@3477db5aresp:{"done":false,"jobFile":"E:\\Projects\\JAVA_IDEA\\MIT6.5840\\mapreduce\\src\\main\\resources\\articles\\pg-metamorphosis.txt","mapNum":8,"reduceNum":8,"reduceOutFile":"","workerId":5,"workerType":1}
Sun May 14 15:05:36 CST 2023-method:requireTaskprams:[Ljava.lang.Object;@72568e90resp:{"done":false,"jobFile":"E:\\Projects\\JAVA_IDEA\\MIT6.5840\\mapreduce\\src\\main\\resources\\articles\\pg-sherlock_holmes.txt","mapNum":8,"reduceNum":8,"reduceOutFile":"","workerId":6,"workerType":1}
Sun May 14 15:05:36 CST 2023-method:requireTaskprams:[Ljava.lang.Object;@3019c32aresp:{"done":false,"jobFile":"E:\\Projects\\JAVA_IDEA\\MIT6.5840\\mapreduce\\src\\main\\resources\\articles\\pg-frankenstein.txt","mapNum":8,"reduceNum":8,"reduceOutFile":"","workerId":2,"workerType":1}
Sun May 14 15:05:36 CST 2023-method:requireTaskprams:[Ljava.lang.Object;@785188afresp:{"done":false,"jobFile":"E:\\Projects\\JAVA_IDEA\\MIT6.5840\\mapreduce\\src\\main\\resources\\articles\\pg-dorian_gray.txt","mapNum":8,"reduceNum":8,"reduceOutFile":"","workerId":1,"workerType":1}
Sun May 14 15:05:36 CST 2023-method:requireTaskprams:[Ljava.lang.Object;@5b4f9a0dresp:{"done":false,"jobFile":"E:\\Projects\\JAVA_IDEA\\MIT6.5840\\mapreduce\\src\\main\\resources\\articles\\pg-being_ernest.txt","mapNum":8,"reduceNum":8,"reduceOutFile":"","workerId":0,"workerType":1}
Sun May 14 15:05:36 CST 2023-method:requireTaskprams:[Ljava.lang.Object;@6109300cresp:{"done":false,"jobFile":"E:\\Projects\\JAVA_IDEA\\MIT6.5840\\mapreduce\\src\\main\\resources\\articles\\pg-tom_sawyer.txt","mapNum":8,"reduceNum":8,"reduceOutFile":"","workerId":7,"workerType":1}
Sun May 14 15:05:36 CST 2023-method:requireTaskprams:[Ljava.lang.Object;@2af34093resp:{"done":false,"jobFile":"E:\\Projects\\JAVA_IDEA\\MIT6.5840\\mapreduce\\src\\main\\resources\\articles\\pg-grimm.txt","mapNum":8,"reduceNum":8,"reduceOutFile":"","workerId":3,"workerType":1}
Sun May 14 15:05:55 CST 2023-method:requireTaskprams:[Ljava.lang.Object;@687da3bcresp:{"done":false,"jobFile":"E:\\Projects\\JAVA_IDEA\\MIT6.5840\\mapreduce\\src\\main\\resources\\articles\\pg-huckleberry_finn.txt","mapNum":8,"reduceNum":8,"reduceOutFile":"","workerId":4,"workerType":1}
Sun May 14 15:18:48 CST 2023-server started on port:10001
Sun May 14 15:18:50 CST 2023-server started on port:14287
Sun May 14 15:18:55 CST 2023-server started on port:14904
Sun May 14 15:18:59 CST 2023-server started on port:14466
Sun May 14 15:19:01 CST 2023-server started on port:14244
Sun May 14 15:19:04 CST 2023-server started on port:14365
Sun May 14 15:19:06 CST 2023-server started on port:14710
Sun May 14 15:19:09 CST 2023-server started on port:14370
Sun May 14 15:19:19 CST 2023-server started on port:14273
Sun May 14 15:19:33 CST 2023-method:requireTaskprams:[Ljava.lang.Object;@22538485resp:{"done":false,"jobFile":"E:\\Projects\\JAVA_IDEA\\MIT6.5840\\mapreduce\\src\\main\\resources\\articles\\pg-sherlock_holmes.txt","mapNum":8,"reduceNum":8,"reduceOutFile":"","workerId":6,"workerType":1}
Sun May 14 15:19:33 CST 2023-method:requireTaskprams:[Ljava.lang.Object;@8e0f69eresp:{"done":false,"jobFile":"E:\\Projects\\JAVA_IDEA\\MIT6.5840\\mapreduce\\src\\main\\resources\\articles\\pg-huckleberry_finn.txt","mapNum":8,"reduceNum":8,"reduceOutFile":"","workerId":4,"workerType":1}
Sun May 14 15:19:33 CST 2023-method:requireTaskprams:[Ljava.lang.Object;@361d10d9resp:{"done":false,"jobFile":"E:\\Projects\\JAVA_IDEA\\MIT6.5840\\mapreduce\\src\\main\\resources\\articles\\pg-being_ernest.txt","mapNum":8,"reduceNum":8,"reduceOutFile":"","workerId":0,"workerType":1}
Sun May 14 15:19:33 CST 2023-method:requireTaskprams:[Ljava.lang.Object;@6686e5f9resp:{"done":false,"jobFile":"E:\\Projects\\JAVA_IDEA\\MIT6.5840\\mapreduce\\src\\main\\resources\\articles\\pg-dorian_gray.txt","mapNum":8,"reduceNum":8,"reduceOutFile":"","workerId":1,"workerType":1}
Sun May 14 15:19:33 CST 2023-method:requireTaskprams:[Ljava.lang.Object;@369099d5resp:{"done":false,"jobFile":"E:\\Projects\\JAVA_IDEA\\MIT6.5840\\mapreduce\\src\\main\\resources\\articles\\pg-grimm.txt","mapNum":8,"reduceNum":8,"reduceOutFile":"","workerId":3,"workerType":1}
Sun May 14 15:19:33 CST 2023-method:requireTaskprams:[Ljava.lang.Object;@40ccc09cresp:{"done":false,"jobFile":"E:\\Projects\\JAVA_IDEA\\MIT6.5840\\mapreduce\\src\\main\\resources\\articles\\pg-frankenstein.txt","mapNum":8,"reduceNum":8,"reduceOutFile":"","workerId":2,"workerType":1}
Sun May 14 15:19:33 CST 2023-method:requireTaskprams:[Ljava.lang.Object;@3b10328fresp:{"done":false,"jobFile":"E:\\Projects\\JAVA_IDEA\\MIT6.5840\\mapreduce\\src\\main\\resources\\articles\\pg-tom_sawyer.txt","mapNum":8,"reduceNum":8,"reduceOutFile":"","workerId":7,"workerType":1}
Sun May 14 15:19:33 CST 2023-method:requireTaskprams:[Ljava.lang.Object;@a2a9b75resp:{"done":false,"jobFile":"E:\\Projects\\JAVA_IDEA\\MIT6.5840\\mapreduce\\src\\main\\resources\\articles\\pg-metamorphosis.txt","mapNum":8,"reduceNum":8,"reduceOutFile":"","workerId":5,"workerType":1}
Sun May 14 15:19:34 CST 2023-method:rpcPingprams:[Ljava.lang.Object;@1268b49eresp:"pong14370"
Sun May 14 15:19:39 CST 2023-method:rpcPingprams:[Ljava.lang.Object;@30db6c04resp:"pong14273"
Sun May 14 15:19:47 CST 2023-method:rpcPingprams:[Ljava.lang.Object;@8aff665resp:"pong14370"
Sun May 14 15:19:51 CST 2023-method:rpcPingprams:[Ljava.lang.Object;@4a84acd8resp:"pong14466"
Sun May 14 15:19:57 CST 2023-method:rpcPingprams:[Ljava.lang.Object;@28126b2fresp:"pong14244"
Sun May 14 15:20:05 CST 2023-method:rpcPingprams:[Ljava.lang.Object;@6892d84eresp:"pong14710"
Sun May 14 15:20:07 CST 2023-method:rpcPingprams:[Ljava.lang.Object;@404b590cresp:"pong14904"
Sun May 14 15:20:09 CST 2023-method:rpcPingprams:[Ljava.lang.Object;@2cc2fd0bresp:"pong14365"
Sun May 14 15:20:11 CST 2023-method:rpcPingprams:[Ljava.lang.Object;@34d3208fresp:"pong14287"
Sun May 14 15:20:13 CST 2023-method:rpcPingprams:[Ljava.lang.Object;@7da4d255resp:"pong14273"
Sun May 14 15:20:15 CST 2023-method:rpcPingprams:[Ljava.lang.Object;@7264dcc1resp:"pong14370"
Sun May 14 15:20:17 CST 2023-method:rpcPingprams:[Ljava.lang.Object;@17c33fb6resp:"pong14466"
Sun May 14 15:20:19 CST 2023-method:rpcPingprams:[Ljava.lang.Object;@6aa73000resp:"pong14244"
Sun May 14 15:20:21 CST 2023-method:rpcPingprams:[Ljava.lang.Object;@3ba507caresp:"pong14710"
Sun May 14 15:20:23 CST 2023-method:rpcPingprams:[Ljava.lang.Object;@5069cf00resp:"pong14904"
Sun May 14 15:20:25 CST 2023-method:rpcPingprams:[Ljava.lang.Object;@4417fb8eresp:"pong14365"
Sun May 14 15:20:27 CST 2023-method:rpcPingprams:[Ljava.lang.Object;@3658bf0resp:"pong14287"
Sun May 14 15:20:29 CST 2023-method:rpcPingprams:[Ljava.lang.Object;@117aa67resp:"pong14273"
Sun May 14 15:20:31 CST 2023-method:rpcPingprams:[Ljava.lang.Object;@798cb33aresp:"pong14370"
Sun May 14 15:20:33 CST 2023-method:rpcPingprams:[Ljava.lang.Object;@4a89b2bfresp:"pong14466"
Sun May 14 15:20:35 CST 2023-method:rpcPingprams:[Ljava.lang.Object;@4c79cefdresp:"pong14244"
Sun May 14 15:20:37 CST 2023-method:rpcPingprams:[Ljava.lang.Object;@66931cd6resp:"pong14710"
Sun May 14 15:20:39 CST 2023-method:rpcPingprams:[Ljava.lang.Object;@3fccebcresp:"pong14904"
Sun May 14 15:20:41 CST 2023-method:rpcPingprams:[Ljava.lang.Object;@5dff266dresp:"pong14365"
Sun May 14 15:20:43 CST 2023-method:rpcPingprams:[Ljava.lang.Object;@18fa2727resp:"pong14287"
Sun May 14 15:20:45 CST 2023-method:rpcPingprams:[Ljava.lang.Object;@b6e2a22resp:"pong14273"
Sun May 14 15:20:47 CST 2023-method:rpcPingprams:[Ljava.lang.Object;@63ff7591resp:"pong14370"
Sun May 14 15:20:49 CST 2023-method:rpcPingprams:[Ljava.lang.Object;@4b59925dresp:"pong14466"
Sun May 14 15:20:51 CST 2023-method:rpcPingprams:[Ljava.lang.Object;@5734fbf8resp:"pong14244"
Sun May 14 15:20:53 CST 2023-method:rpcPingprams:[Ljava.lang.Object;@47328a81resp:"pong14710"
Sun May 14 15:20:55 CST 2023-method:rpcPingprams:[Ljava.lang.Object;@69bc6e22resp:"pong14904"
Sun May 14 15:20:57 CST 2023-method:rpcPingprams:[Ljava.lang.Object;@1782b196resp:"pong14365"
Sun May 14 15:20:59 CST 2023-method:rpcPingprams:[Ljava.lang.Object;@4e84e179resp:"pong14287"
Sun May 14 15:21:01 CST 2023-method:rpcPingprams:[Ljava.lang.Object;@709e42d9resp:"pong14273"
Sun May 14 15:21:03 CST 2023-method:rpcPingprams:[Ljava.lang.Object;@1cadbcc3resp:"pong14370"
Sun May 14 15:21:05 CST 2023-method:rpcPingprams:[Ljava.lang.Object;@67690400resp:"pong14466"
Sun May 14 15:21:07 CST 2023-method:rpcPingprams:[Ljava.lang.Object;@646a7732resp:"pong14244"
Sun May 14 15:21:10 CST 2023-method:rpcPingprams:[Ljava.lang.Object;@381ce11cresp:"pong14710"
Sun May 14 15:21:12 CST 2023-method:rpcPingprams:[Ljava.lang.Object;@3fd4ad45resp:"pong14904"
Sun May 14 15:21:14 CST 2023-method:rpcPingprams:[Ljava.lang.Object;@76da2028resp:"pong14365"
Sun May 14 15:21:16 CST 2023-method:rpcPingprams:[Ljava.lang.Object;@45e1781resp:"pong14287"
Sun May 14 15:21:18 CST 2023-method:rpcPingprams:[Ljava.lang.Object;@1c4f6987resp:"pong14273"
Sun May 14 15:21:20 CST 2023-method:rpcPingprams:[Ljava.lang.Object;@7b93a398resp:"pong14370"
Sun May 14 15:21:22 CST 2023-method:rpcPingprams:[Ljava.lang.Object;@31bd7249resp:"pong14466"
Sun May 14 15:21:24 CST 2023-method:rpcPingprams:[Ljava.lang.Object;@f560c0aresp:"pong14244"
Sun May 14 15:21:26 CST 2023-method:rpcPingprams:[Ljava.lang.Object;@38605eb4resp:"pong14710"
Sun May 14 15:21:28 CST 2023-method:rpcPingprams:[Ljava.lang.Object;@369323e5resp:"pong14904"
Sun May 14 15:21:30 CST 2023-method:rpcPingprams:[Ljava.lang.Object;@6b670faresp:"pong14365"
Sun May 14 15:21:32 CST 2023-method:rpcPingprams:[Ljava.lang.Object;@3897c7beresp:"pong14287"
Sun May 14 15:21:34 CST 2023-method:rpcPingprams:[Ljava.lang.Object;@9cfd08fresp:"pong14273"
Sun May 14 15:21:36 CST 2023-method:rpcPingprams:[Ljava.lang.Object;@136dbfb0resp:"pong14370"
Sun May 14 15:21:38 CST 2023-method:rpcPingprams:[Ljava.lang.Object;@52378cc4resp:"pong14466"
Sun May 14 15:21:40 CST 2023-method:rpcPingprams:[Ljava.lang.Object;@7ac89baresp:"pong14244"
Sun May 14 15:21:42 CST 2023-method:rpcPingprams:[Ljava.lang.Object;@164058b1resp:"pong14710"
Sun May 14 15:21:44 CST 2023-method:rpcPingprams:[Ljava.lang.Object;@348697d6resp:"pong14904"
Sun May 14 15:21:46 CST 2023-method:rpcPingprams:[Ljava.lang.Object;@2a530d9aresp:"pong14365"
Sun May 14 15:21:48 CST 2023-method:rpcPingprams:[Ljava.lang.Object;@2e196a37resp:"pong14287"
Sun May 14 15:21:50 CST 2023-method:rpcPingprams:[Ljava.lang.Object;@439c8d3resp:"pong14273"
Sun May 14 15:21:52 CST 2023-method:rpcPingprams:[Ljava.lang.Object;@20aa685resp:"pong14370"
Sun May 14 15:21:54 CST 2023-method:rpcPingprams:[Ljava.lang.Object;@30e090aeresp:"pong14466"
Sun May 14 15:21:56 CST 2023-method:rpcPingprams:[Ljava.lang.Object;@71562024resp:"pong14244"
Sun May 14 15:21:58 CST 2023-method:rpcPingprams:[Ljava.lang.Object;@6516bbd9resp:"pong14710"
Sun May 14 15:22:00 CST 2023-method:rpcPingprams:[Ljava.lang.Object;@2a91310bresp:"pong14904"
Sun May 14 15:22:02 CST 2023-method:rpcPingprams:[Ljava.lang.Object;@1988269bresp:"pong14365"
Sun May 14 15:22:04 CST 2023-method:rpcPingprams:[Ljava.lang.Object;@5ad3e92aresp:"pong14287"
Sun May 14 15:22:06 CST 2023-method:rpcPingprams:[Ljava.lang.Object;@5fa5f0bresp:"pong14273"
Sun May 14 15:22:08 CST 2023-method:rpcPingprams:[Ljava.lang.Object;@e7bd159resp:"pong14370"
Sun May 14 15:22:10 CST 2023-method:rpcPingprams:[Ljava.lang.Object;@4a80a25aresp:"pong14466"
Sun May 14 15:22:12 CST 2023-method:rpcPingprams:[Ljava.lang.Object;@1c30f3d0resp:"pong14244"
Sun May 14 15:22:14 CST 2023-method:rpcPingprams:[Ljava.lang.Object;@e28da48resp:"pong14710"
Sun May 14 15:22:16 CST 2023-method:rpcPingprams:[Ljava.lang.Object;@5811b6aeresp:"pong14904"
Sun May 14 15:22:18 CST 2023-method:rpcPingprams:[Ljava.lang.Object;@d305e1dresp:"pong14365"
Sun May 14 15:22:20 CST 2023-method:rpcPingprams:[Ljava.lang.Object;@44440bf5resp:"pong14287"
Sun May 14 15:22:22 CST 2023-method:rpcPingprams:[Ljava.lang.Object;@2043d27aresp:"pong14273"
Sun May 14 15:22:24 CST 2023-method:rpcPingprams:[Ljava.lang.Object;@6453905resp:"pong14370"
Sun May 14 15:22:27 CST 2023-method:rpcPingprams:[Ljava.lang.Object;@7e7dddd5resp:"pong14466"
Sun May 14 15:22:29 CST 2023-method:rpcPingprams:[Ljava.lang.Object;@3dc7458fresp:"pong14244"
Sun May 14 15:22:31 CST 2023-method:rpcPingprams:[Ljava.lang.Object;@4aadbec1resp:"pong14710"
Sun May 14 15:22:33 CST 2023-method:rpcPingprams:[Ljava.lang.Object;@8aaffbfresp:"pong14904"
Sun May 14 15:22:35 CST 2023-method:rpcPingprams:[Ljava.lang.Object;@7ffe0fb5resp:"pong14365"
Sun May 14 15:23:59 CST 2023-server started on port:10001
Sun May 14 15:24:03 CST 2023-server started on port:14126
Sun May 14 15:24:05 CST 2023-server started on port:14019
Sun May 14 15:24:05 CST 2023-server started on port:14471
Sun May 14 15:24:05 CST 2023-server started on port:14438
Sun May 14 15:24:05 CST 2023-server started on port:14105
Sun May 14 15:24:05 CST 2023-server started on port:14319
Sun May 14 15:24:05 CST 2023-server started on port:14873
Sun May 14 15:24:05 CST 2023-server started on port:14647
Sun May 14 15:24:05 CST 2023-method:requireTaskprams:[Ljava.lang.Object;@1ef558b9resp:{"done":false,"jobFile":"E:\\Projects\\JAVA_IDEA\\MIT6.5840\\mapreduce\\src\\main\\resources\\articles\\pg-dorian_gray.txt","mapNum":8,"reduceNum":8,"reduceOutFile":"","workerId":1,"workerType":1}
Sun May 14 15:24:05 CST 2023-method:requireTaskprams:[Ljava.lang.Object;@1880a500resp:{"done":false,"jobFile":"E:\\Projects\\JAVA_IDEA\\MIT6.5840\\mapreduce\\src\\main\\resources\\articles\\pg-sherlock_holmes.txt","mapNum":8,"reduceNum":8,"reduceOutFile":"","workerId":6,"workerType":1}
Sun May 14 15:24:05 CST 2023-method:requireTaskprams:[Ljava.lang.Object;@76fdaa27resp:{"done":false,"jobFile":"E:\\Projects\\JAVA_IDEA\\MIT6.5840\\mapreduce\\src\\main\\resources\\articles\\pg-huckleberry_finn.txt","mapNum":8,"reduceNum":8,"reduceOutFile":"","workerId":4,"workerType":1}
Sun May 14 15:24:05 CST 2023-method:requireTaskprams:[Ljava.lang.Object;@1d448208resp:{"done":false,"jobFile":"E:\\Projects\\JAVA_IDEA\\MIT6.5840\\mapreduce\\src\\main\\resources\\articles\\pg-grimm.txt","mapNum":8,"reduceNum":8,"reduceOutFile":"","workerId":3,"workerType":1}
Sun May 14 15:24:05 CST 2023-method:requireTaskprams:[Ljava.lang.Object;@5590e4edresp:{"done":false,"jobFile":"E:\\Projects\\JAVA_IDEA\\MIT6.5840\\mapreduce\\src\\main\\resources\\articles\\pg-being_ernest.txt","mapNum":8,"reduceNum":8,"reduceOutFile":"","workerId":0,"workerType":1}
Sun May 14 15:24:05 CST 2023-method:requireTaskprams:[Ljava.lang.Object;@1e2cfb2cresp:{"done":false,"jobFile":"E:\\Projects\\JAVA_IDEA\\MIT6.5840\\mapreduce\\src\\main\\resources\\articles\\pg-frankenstein.txt","mapNum":8,"reduceNum":8,"reduceOutFile":"","workerId":2,"workerType":1}
Sun May 14 15:24:05 CST 2023-method:requireTaskprams:[Ljava.lang.Object;@2ba7ebfaresp:{"done":false,"jobFile":"E:\\Projects\\JAVA_IDEA\\MIT6.5840\\mapreduce\\src\\main\\resources\\articles\\pg-metamorphosis.txt","mapNum":8,"reduceNum":8,"reduceOutFile":"","workerId":5,"workerType":1}
Sun May 14 15:24:05 CST 2023-method:rpcPingprams:[Ljava.lang.Object;@798cef81resp:"pong14471"
Sun May 14 15:24:05 CST 2023-method:requireTaskprams:[Ljava.lang.Object;@20fb61e0resp:{"done":false,"jobFile":"E:\\Projects\\JAVA_IDEA\\MIT6.5840\\mapreduce\\src\\main\\resources\\articles\\pg-tom_sawyer.txt","mapNum":8,"reduceNum":8,"reduceOutFile":"","workerId":7,"workerType":1}
Sun May 14 15:24:07 CST 2023-method:rpcPingprams:[Ljava.lang.Object;@5585866fresp:"pong14019"
Sun May 14 15:24:09 CST 2023-method:rpcPingprams:[Ljava.lang.Object;@762797c5resp:"pong14438"
Sun May 14 15:24:11 CST 2023-method:rpcPingprams:[Ljava.lang.Object;@36076e66resp:"pong14471"
Sun May 14 15:24:14 CST 2023-method:rpcPingprams:[Ljava.lang.Object;@4f26a658resp:"pong14647"
Sun May 14 15:24:16 CST 2023-method:rpcPingprams:[Ljava.lang.Object;@29484007resp:"pong14105"
Sun May 14 15:24:18 CST 2023-method:rpcPingprams:[Ljava.lang.Object;@2bd5572fresp:"pong14873"
Sun May 14 15:24:20 CST 2023-method:rpcPingprams:[Ljava.lang.Object;@1d13a1dbresp:"pong14126"
Sun May 14 15:24:22 CST 2023-method:rpcPingprams:[Ljava.lang.Object;@14ac3c93resp:"pong14319"
Sun May 14 15:24:24 CST 2023-method:rpcPingprams:[Ljava.lang.Object;@6b82a99resp:"pong14019"
Sun May 14 15:24:26 CST 2023-method:rpcPingprams:[Ljava.lang.Object;@55eea352resp:"pong14438"
Sun May 14 15:24:28 CST 2023-method:rpcPingprams:[Ljava.lang.Object;@1032d095resp:"pong14471"
Sun May 14 15:24:30 CST 2023-method:rpcPingprams:[Ljava.lang.Object;@109b524cresp:"pong14647"
Sun May 14 15:24:32 CST 2023-method:rpcPingprams:[Ljava.lang.Object;@76155951resp:"pong14105"
Sun May 14 15:24:34 CST 2023-method:rpcPingprams:[Ljava.lang.Object;@5e1757ecresp:"pong14873"
Sun May 14 15:24:37 CST 2023-server started on port:10001
Sun May 14 15:24:37 CST 2023-server started on port:14390
Sun May 14 15:24:37 CST 2023-server started on port:14702
Sun May 14 15:24:37 CST 2023-server started on port:14861
Sun May 14 15:24:37 CST 2023-server started on port:14929
Sun May 14 15:24:37 CST 2023-server started on port:14192
Sun May 14 15:24:37 CST 2023-server started on port:14839
Sun May 14 15:24:37 CST 2023-server started on port:14317
Sun May 14 15:24:37 CST 2023-server started on port:14130
Sun May 14 15:24:37 CST 2023-method:requireTaskprams:[Ljava.lang.Object;@298fd1c7resp:{"done":false,"jobFile":"E:\\Projects\\JAVA_IDEA\\MIT6.5840\\mapreduce\\src\\main\\resources\\articles\\pg-being_ernest.txt","mapNum":8,"reduceNum":8,"reduceOutFile":"","workerId":0,"workerType":1}
Sun May 14 15:24:37 CST 2023-method:requireTaskprams:[Ljava.lang.Object;@337e6e67resp:{"done":false,"jobFile":"E:\\Projects\\JAVA_IDEA\\MIT6.5840\\mapreduce\\src\\main\\resources\\articles\\pg-metamorphosis.txt","mapNum":8,"reduceNum":8,"reduceOutFile":"","workerId":5,"workerType":1}
Sun May 14 15:24:37 CST 2023-method:requireTaskprams:[Ljava.lang.Object;@c1b4010resp:{"done":false,"jobFile":"E:\\Projects\\JAVA_IDEA\\MIT6.5840\\mapreduce\\src\\main\\resources\\articles\\pg-dorian_gray.txt","mapNum":8,"reduceNum":8,"reduceOutFile":"","workerId":1,"workerType":1}
Sun May 14 15:24:37 CST 2023-method:requireTaskprams:[Ljava.lang.Object;@5e3c98abresp:{"done":false,"jobFile":"E:\\Projects\\JAVA_IDEA\\MIT6.5840\\mapreduce\\src\\main\\resources\\articles\\pg-sherlock_holmes.txt","mapNum":8,"reduceNum":8,"reduceOutFile":"","workerId":6,"workerType":1}
Sun May 14 15:24:37 CST 2023-method:requireTaskprams:[Ljava.lang.Object;@3be217cbresp:{"done":false,"jobFile":"E:\\Projects\\JAVA_IDEA\\MIT6.5840\\mapreduce\\src\\main\\resources\\articles\\pg-tom_sawyer.txt","mapNum":8,"reduceNum":8,"reduceOutFile":"","workerId":7,"workerType":1}
Sun May 14 15:24:37 CST 2023-method:requireTaskprams:[Ljava.lang.Object;@1c57ba05resp:{"done":false,"jobFile":"E:\\Projects\\JAVA_IDEA\\MIT6.5840\\mapreduce\\src\\main\\resources\\articles\\pg-huckleberry_finn.txt","mapNum":8,"reduceNum":8,"reduceOutFile":"","workerId":4,"workerType":1}
Sun May 14 15:24:37 CST 2023-method:requireTaskprams:[Ljava.lang.Object;@25ad4554resp:{"done":false,"jobFile":"E:\\Projects\\JAVA_IDEA\\MIT6.5840\\mapreduce\\src\\main\\resources\\articles\\pg-frankenstein.txt","mapNum":8,"reduceNum":8,"reduceOutFile":"","workerId":2,"workerType":1}
Sun May 14 15:24:37 CST 2023-method:requireTaskprams:[Ljava.lang.Object;@30fa19f7resp:{"done":false,"jobFile":"E:\\Projects\\JAVA_IDEA\\MIT6.5840\\mapreduce\\src\\main\\resources\\articles\\pg-grimm.txt","mapNum":8,"reduceNum":8,"reduceOutFile":"","workerId":3,"workerType":1}
Sun May 14 15:24:37 CST 2023-method:rpcPingprams:[Ljava.lang.Object;@45bf3fdcresp:"pong14317"
Sun May 14 15:24:39 CST 2023-method:rpcPingprams:[Ljava.lang.Object;@161dbedresp:"pong14192"
Sun May 14 15:24:41 CST 2023-method:rpcPingprams:[Ljava.lang.Object;@3d19182aresp:"pong14929"
Sun May 14 15:24:43 CST 2023-method:rpcPingprams:[Ljava.lang.Object;@3d576368resp:"pong14130"
Sun May 14 15:24:45 CST 2023-method:rpcPingprams:[Ljava.lang.Object;@203a2daresp:"pong14390"
Sun May 14 15:24:47 CST 2023-method:rpcPingprams:[Ljava.lang.Object;@46aa2956resp:"pong14839"
Sun May 14 15:24:49 CST 2023-method:rpcPingprams:[Ljava.lang.Object;@36716bb5resp:"pong14317"
Sun May 14 15:24:51 CST 2023-method:rpcPingprams:[Ljava.lang.Object;@5cdcfcd9resp:"pong14861"
Sun May 14 15:24:56 CST 2023-server started on port:10001
Sun May 14 15:24:56 CST 2023-server started on port:14037
Sun May 14 15:24:56 CST 2023-server started on port:14824
Sun May 14 15:24:56 CST 2023-server started on port:14822
Sun May 14 15:24:56 CST 2023-server started on port:14238
Sun May 14 15:24:56 CST 2023-server started on port:14574
Sun May 14 15:24:56 CST 2023-server started on port:14671
Sun May 14 15:24:56 CST 2023-server started on port:14615
Sun May 14 15:24:56 CST 2023-server started on port:14230
Sun May 14 15:24:56 CST 2023-method:requireTaskprams:[Ljava.lang.Object;@76161cb2resp:{"done":false,"jobFile":"E:\\Projects\\JAVA_IDEA\\MIT6.5840\\mapreduce\\src\\main\\resources\\articles\\pg-sherlock_holmes.txt","mapNum":8,"reduceNum":8,"reduceOutFile":"","workerId":6,"workerType":1}
Sun May 14 15:24:56 CST 2023-method:requireTaskprams:[Ljava.lang.Object;@170c8d60resp:{"done":false,"jobFile":"E:\\Projects\\JAVA_IDEA\\MIT6.5840\\mapreduce\\src\\main\\resources\\articles\\pg-metamorphosis.txt","mapNum":8,"reduceNum":8,"reduceOutFile":"","workerId":5,"workerType":1}
Sun May 14 15:24:56 CST 2023-method:requireTaskprams:[Ljava.lang.Object;@5fd49bfcresp:{"done":false,"jobFile":"E:\\Projects\\JAVA_IDEA\\MIT6.5840\\mapreduce\\src\\main\\resources\\articles\\pg-frankenstein.txt","mapNum":8,"reduceNum":8,"reduceOutFile":"","workerId":2,"workerType":1}
Sun May 14 15:24:56 CST 2023-method:requireTaskprams:[Ljava.lang.Object;@5bb512a2resp:{"done":false,"jobFile":"E:\\Projects\\JAVA_IDEA\\MIT6.5840\\mapreduce\\src\\main\\resources\\articles\\pg-being_ernest.txt","mapNum":8,"reduceNum":8,"reduceOutFile":"","workerId":0,"workerType":1}
Sun May 14 15:24:56 CST 2023-method:requireTaskprams:[Ljava.lang.Object;@3b390402resp:{"done":false,"jobFile":"E:\\Projects\\JAVA_IDEA\\MIT6.5840\\mapreduce\\src\\main\\resources\\articles\\pg-dorian_gray.txt","mapNum":8,"reduceNum":8,"reduceOutFile":"","workerId":1,"workerType":1}
Sun May 14 15:24:56 CST 2023-method:requireTaskprams:[Ljava.lang.Object;@6de871caresp:{"done":false,"jobFile":"E:\\Projects\\JAVA_IDEA\\MIT6.5840\\mapreduce\\src\\main\\resources\\articles\\pg-tom_sawyer.txt","mapNum":8,"reduceNum":8,"reduceOutFile":"","workerId":7,"workerType":1}
Sun May 14 15:24:56 CST 2023-method:requireTaskprams:[Ljava.lang.Object;@1561cdd7resp:{"done":false,"jobFile":"E:\\Projects\\JAVA_IDEA\\MIT6.5840\\mapreduce\\src\\main\\resources\\articles\\pg-huckleberry_finn.txt","mapNum":8,"reduceNum":8,"reduceOutFile":"","workerId":4,"workerType":1}
Sun May 14 15:25:40 CST 2023-method:requireTaskprams:[Ljava.lang.Object;@2a9f26aaresp:{"done":false,"jobFile":"E:\\Projects\\JAVA_IDEA\\MIT6.5840\\mapreduce\\src\\main\\resources\\articles\\pg-grimm.txt","mapNum":8,"reduceNum":8,"reduceOutFile":"","workerId":3,"workerType":1}
Sun May 14 15:25:40 CST 2023-method:rpcPingprams:[Ljava.lang.Object;@3001c53resp:"pong14824"
Sun May 14 15:25:44 CST 2023-server started on port:10001
Sun May 14 15:25:44 CST 2023-server started on port:14337
Sun May 14 15:25:44 CST 2023-server started on port:14726
Sun May 14 15:25:44 CST 2023-server started on port:14239
Sun May 14 15:25:44 CST 2023-server started on port:14248
Sun May 14 15:25:44 CST 2023-server started on port:14821
Sun May 14 15:25:44 CST 2023-server started on port:14214
Sun May 14 15:25:44 CST 2023-server started on port:14416
Sun May 14 15:25:44 CST 2023-server started on port:14448
Sun May 14 15:25:44 CST 2023-method:requireTaskprams:[Ljava.lang.Object;@53cfc2c2resp:{"done":false,"jobFile":"E:\\Projects\\JAVA_IDEA\\MIT6.5840\\mapreduce\\src\\main\\resources\\articles\\pg-frankenstein.txt","mapNum":8,"reduceNum":8,"reduceOutFile":"","workerId":2,"workerType":1}
Sun May 14 15:25:44 CST 2023-method:requireTaskprams:[Ljava.lang.Object;@25230a41resp:{"done":false,"jobFile":"E:\\Projects\\JAVA_IDEA\\MIT6.5840\\mapreduce\\src\\main\\resources\\articles\\pg-grimm.txt","mapNum":8,"reduceNum":8,"reduceOutFile":"","workerId":3,"workerType":1}
Sun May 14 15:25:44 CST 2023-method:requireTaskprams:[Ljava.lang.Object;@4a76034dresp:{"done":false,"jobFile":"E:\\Projects\\JAVA_IDEA\\MIT6.5840\\mapreduce\\src\\main\\resources\\articles\\pg-sherlock_holmes.txt","mapNum":8,"reduceNum":8,"reduceOutFile":"","workerId":6,"workerType":1}
Sun May 14 15:25:44 CST 2023-method:requireTaskprams:[Ljava.lang.Object;@342be4f9resp:{"done":false,"jobFile":"E:\\Projects\\JAVA_IDEA\\MIT6.5840\\mapreduce\\src\\main\\resources\\articles\\pg-dorian_gray.txt","mapNum":8,"reduceNum":8,"reduceOutFile":"","workerId":1,"workerType":1}
Sun May 14 15:25:44 CST 2023-method:requireTaskprams:[Ljava.lang.Object;@447710adresp:{"done":false,"jobFile":"E:\\Projects\\JAVA_IDEA\\MIT6.5840\\mapreduce\\src\\main\\resources\\articles\\pg-being_ernest.txt","mapNum":8,"reduceNum":8,"reduceOutFile":"","workerId":0,"workerType":1}
Sun May 14 15:25:44 CST 2023-method:requireTaskprams:[Ljava.lang.Object;@687edae3resp:{"done":false,"jobFile":"E:\\Projects\\JAVA_IDEA\\MIT6.5840\\mapreduce\\src\\main\\resources\\articles\\pg-metamorphosis.txt","mapNum":8,"reduceNum":8,"reduceOutFile":"","workerId":5,"workerType":1}
Sun May 14 15:25:44 CST 2023-method:requireTaskprams:[Ljava.lang.Object;@6cc705ecresp:{"done":false,"jobFile":"E:\\Projects\\JAVA_IDEA\\MIT6.5840\\mapreduce\\src\\main\\resources\\articles\\pg-huckleberry_finn.txt","mapNum":8,"reduceNum":8,"reduceOutFile":"","workerId":4,"workerType":1}
Sun May 14 15:25:44 CST 2023-method:requireTaskprams:[Ljava.lang.Object;@1b95a134resp:{"done":false,"jobFile":"E:\\Projects\\JAVA_IDEA\\MIT6.5840\\mapreduce\\src\\main\\resources\\articles\\pg-tom_sawyer.txt","mapNum":8,"reduceNum":8,"reduceOutFile":"","workerId":7,"workerType":1}
Sun May 14 15:25:51 CST 2023-method:rpcPingprams:[Ljava.lang.Object;@1adfb4aaresp:"pong14416"
Sun May 14 15:25:55 CST 2023-server started on port:10001
Sun May 14 15:25:55 CST 2023-server started on port:14437
Sun May 14 15:25:55 CST 2023-server started on port:14322
Sun May 14 15:25:55 CST 2023-server started on port:14626
Sun May 14 15:25:55 CST 2023-server started on port:14136
Sun May 14 15:25:55 CST 2023-server started on port:14810
Sun May 14 15:25:55 CST 2023-server started on port:14754
Sun May 14 15:25:55 CST 2023-server started on port:14167
Sun May 14 15:25:55 CST 2023-method:requireTaskprams:[Ljava.lang.Object;@2e361b76resp:{"done":false,"jobFile":"E:\\Projects\\JAVA_IDEA\\MIT6.5840\\mapreduce\\src\\main\\resources\\articles\\pg-frankenstein.txt","mapNum":8,"reduceNum":8,"reduceOutFile":"","workerId":2,"workerType":1}
Sun May 14 15:25:55 CST 2023-method:requireTaskprams:[Ljava.lang.Object;@3202c4c0resp:{"done":false,"jobFile":"E:\\Projects\\JAVA_IDEA\\MIT6.5840\\mapreduce\\src\\main\\resources\\articles\\pg-metamorphosis.txt","mapNum":8,"reduceNum":8,"reduceOutFile":"","workerId":5,"workerType":1}
Sun May 14 15:25:55 CST 2023-method:requireTaskprams:[Ljava.lang.Object;@2d0f565eresp:{"done":false,"jobFile":"E:\\Projects\\JAVA_IDEA\\MIT6.5840\\mapreduce\\src\\main\\resources\\articles\\pg-sherlock_holmes.txt","mapNum":8,"reduceNum":8,"reduceOutFile":"","workerId":6,"workerType":1}
Sun May 14 15:25:55 CST 2023-method:requireTaskprams:[Ljava.lang.Object;@1334b249resp:{"done":false,"jobFile":"E:\\Projects\\JAVA_IDEA\\MIT6.5840\\mapreduce\\src\\main\\resources\\articles\\pg-huckleberry_finn.txt","mapNum":8,"reduceNum":8,"reduceOutFile":"","workerId":4,"workerType":1}
Sun May 14 15:25:55 CST 2023-method:requireTaskprams:[Ljava.lang.Object;@5084ea31resp:{"done":false,"jobFile":"E:\\Projects\\JAVA_IDEA\\MIT6.5840\\mapreduce\\src\\main\\resources\\articles\\pg-dorian_gray.txt","mapNum":8,"reduceNum":8,"reduceOutFile":"","workerId":1,"workerType":1}
Sun May 14 15:25:55 CST 2023-method:requireTaskprams:[Ljava.lang.Object;@293efe63resp:{"done":false,"jobFile":"E:\\Projects\\JAVA_IDEA\\MIT6.5840\\mapreduce\\src\\main\\resources\\articles\\pg-being_ernest.txt","mapNum":8,"reduceNum":8,"reduceOutFile":"","workerId":0,"workerType":1}
Sun May 14 15:25:55 CST 2023-method:requireTaskprams:[Ljava.lang.Object;@2f71e4b1resp:{"done":false,"jobFile":"E:\\Projects\\JAVA_IDEA\\MIT6.5840\\mapreduce\\src\\main\\resources\\articles\\pg-grimm.txt","mapNum":8,"reduceNum":8,"reduceOutFile":"","workerId":3,"workerType":1}
Sun May 14 15:25:55 CST 2023-server started on port:14619
Sun May 14 15:25:55 CST 2023-method:rpcPingprams:[Ljava.lang.Object;@4108d36fresp:"pong14810"
Sun May 14 15:25:55 CST 2023-method:requireTaskprams:[Ljava.lang.Object;@4f7c5c7cresp:{"done":false,"jobFile":"E:\\Projects\\JAVA_IDEA\\MIT6.5840\\mapreduce\\src\\main\\resources\\articles\\pg-tom_sawyer.txt","mapNum":8,"reduceNum":8,"reduceOutFile":"","workerId":7,"workerType":1}
Sun May 14 15:25:55 CST 2023-ok to do map for id:5
Sun May 14 15:25:55 CST 2023-ok to do map for id:0
Sun May 14 15:25:55 CST 2023-method:doneTaskprams:[Ljava.lang.Object;@3f40fdb4resp:{"done":false}
Sun May 14 15:25:55 CST 2023-method:doneTaskprams:[Ljava.lang.Object;@22315a6dresp:{"done":false}
Sun May 14 15:25:56 CST 2023-ok to do map for id:3
Sun May 14 15:25:56 CST 2023-ok to do map for id:1
Sun May 14 15:25:56 CST 2023-ok to do map for id:2
Sun May 14 15:25:56 CST 2023-method:doneTaskprams:[Ljava.lang.Object;@64b76249resp:{"done":false}
Sun May 14 15:25:56 CST 2023-method:doneTaskprams:[Ljava.lang.Object;@79f2a3cresp:{"done":false}
Sun May 14 15:25:56 CST 2023-method:doneTaskprams:[Ljava.lang.Object;@1c110f8fresp:{"done":false}
Sun May 14 15:25:56 CST 2023-ok to do map for id:7
Sun May 14 15:25:56 CST 2023-method:doneTaskprams:[Ljava.lang.Object;@12a75a6resp:{"done":false}
Sun May 14 15:25:56 CST 2023-ok to do map for id:4
Sun May 14 15:25:56 CST 2023-ok to do map for id:6
Sun May 14 15:25:56 CST 2023-method:doneTaskprams:[Ljava.lang.Object;@7b792e00resp:{"done":false}
Sun May 14 15:25:56 CST 2023-method:doneTaskprams:[Ljava.lang.Object;@cce46fcresp:{"done":false,"jobFile":"","mapNum":8,"reduceNum":8,"reduceOutFile":"E:\\Projects\\JAVA_IDEA\\MIT6.5840\\mapreduce\\src\\main\\resources\\temp\\mr-reduce-0","workerId":0,"workerType":2}
Sun May 14 15:25:56 CST 2023-ok to do reduce for id:0
Sun May 14 15:25:56 CST 2023-method:doneTaskprams:[Ljava.lang.Object;@5d36cc24resp:{"done":false,"jobFile":"","mapNum":8,"reduceNum":8,"reduceOutFile":"E:\\Projects\\JAVA_IDEA\\MIT6.5840\\mapreduce\\src\\main\\resources\\temp\\mr-reduce-1","workerId":1,"workerType":2}
Sun May 14 15:25:57 CST 2023-ok to do reduce for id:1
Sun May 14 15:25:57 CST 2023-method:doneTaskprams:[Ljava.lang.Object;@41d36710resp:{"done":false,"jobFile":"","mapNum":8,"reduceNum":8,"reduceOutFile":"E:\\Projects\\JAVA_IDEA\\MIT6.5840\\mapreduce\\src\\main\\resources\\temp\\mr-reduce-2","workerId":2,"workerType":2}
Sun May 14 15:25:57 CST 2023-ok to do reduce for id:2
Sun May 14 15:25:57 CST 2023-method:doneTaskprams:[Ljava.lang.Object;@566dc8dcresp:{"done":false,"jobFile":"","mapNum":8,"reduceNum":8,"reduceOutFile":"E:\\Projects\\JAVA_IDEA\\MIT6.5840\\mapreduce\\src\\main\\resources\\temp\\mr-reduce-3","workerId":3,"workerType":2}
Sun May 14 15:25:57 CST 2023-method:rpcPingprams:[Ljava.lang.Object;@39a3cdafresp:"pong14322"
Sun May 14 15:25:57 CST 2023-ok to do reduce for id:3
Sun May 14 15:25:57 CST 2023-method:doneTaskprams:[Ljava.lang.Object;@64e84da1resp:{"done":false,"jobFile":"","mapNum":8,"reduceNum":8,"reduceOutFile":"E:\\Projects\\JAVA_IDEA\\MIT6.5840\\mapreduce\\src\\main\\resources\\temp\\mr-reduce-4","workerId":4,"workerType":2}
Sun May 14 15:25:57 CST 2023-ok to do reduce for id:4
Sun May 14 15:25:57 CST 2023-method:doneTaskprams:[Ljava.lang.Object;@42a7e3dfresp:{"done":false,"jobFile":"","mapNum":8,"reduceNum":8,"reduceOutFile":"E:\\Projects\\JAVA_IDEA\\MIT6.5840\\mapreduce\\src\\main\\resources\\temp\\mr-reduce-5","workerId":5,"workerType":2}
Sun May 14 15:25:58 CST 2023-ok to do reduce for id:5
Sun May 14 15:25:58 CST 2023-method:doneTaskprams:[Ljava.lang.Object;@499d9f99resp:{"done":false,"jobFile":"","mapNum":8,"reduceNum":8,"reduceOutFile":"E:\\Projects\\JAVA_IDEA\\MIT6.5840\\mapreduce\\src\\main\\resources\\temp\\mr-reduce-6","workerId":6,"workerType":2}
Sun May 14 15:25:58 CST 2023-ok to do reduce for id:6
Sun May 14 15:25:58 CST 2023-method:doneTaskprams:[Ljava.lang.Object;@458d258fresp:{"done":false,"jobFile":"","mapNum":8,"reduceNum":8,"reduceOutFile":"E:\\Projects\\JAVA_IDEA\\MIT6.5840\\mapreduce\\src\\main\\resources\\temp\\mr-reduce-7","workerId":7,"workerType":2}
Sun May 14 15:25:58 CST 2023-ok to do reduce for id:7
Sun May 14 15:25:58 CST 2023-method:doneTaskprams:[Ljava.lang.Object;@31f392ccresp:{"done":true}
Sun May 14 15:25:59 CST 2023-method:rpcPingprams:[Ljava.lang.Object;@1237347eresp:"pong14626"
Sun May 14 15:25:59 CST 2023-ok to merge all files
Sun May 14 15:26:01 CST 2023-method:rpcPingprams:[Ljava.lang.Object;@1d35d44cresp:"pong14754"
Sun May 14 15:26:03 CST 2023-method:rpcPingprams:[Ljava.lang.Object;@57387551resp:"pong14437"
Sun May 14 15:26:05 CST 2023-method:rpcPingprams:[Ljava.lang.Object;@711fb4b9resp:"pong14167"
Sun May 14 15:26:07 CST 2023-method:rpcPingprams:[Ljava.lang.Object;@29901b2aresp:"pong14136"
Sun May 14 15:26:09 CST 2023-method:rpcPingprams:[Ljava.lang.Object;@6dc0385eresp:"pong14810"
Sun May 14 15:26:11 CST 2023-method:rpcPingprams:[Ljava.lang.Object;@1c414496resp:"pong14619"
Sun May 14 15:26:13 CST 2023-method:rpcPingprams:[Ljava.lang.Object;@672d8191resp:"pong14322"
Sun May 14 15:26:15 CST 2023-method:rpcPingprams:[Ljava.lang.Object;@7ba925d6resp:"pong14626"
Sun May 14 15:26:17 CST 2023-method:rpcPingprams:[Ljava.lang.Object;@5c1fbd66resp:"pong14754"
Sun May 14 15:26:19 CST 2023-method:rpcPingprams:[Ljava.lang.Object;@4fd9e404resp:"pong14437"
Sun May 14 15:26:21 CST 2023-method:rpcPingprams:[Ljava.lang.Object;@667b91ceresp:"pong14167"
Sun May 14 15:26:23 CST 2023-method:rpcPingprams:[Ljava.lang.Object;@e090e71resp:"pong14136"
Sun May 14 15:26:25 CST 2023-method:rpcPingprams:[Ljava.lang.Object;@5e3a124cresp:"pong14810"
Sun May 14 15:26:27 CST 2023-method:rpcPingprams:[Ljava.lang.Object;@470fd81fresp:"pong14619"
Sun May 14 15:26:29 CST 2023-method:rpcPingprams:[Ljava.lang.Object;@156dbd9fresp:"pong14322"
Sun May 14 15:26:31 CST 2023-method:rpcPingprams:[Ljava.lang.Object;@6103a17bresp:"pong14626"
Sun May 14 15:26:34 CST 2023-method:rpcPingprams:[Ljava.lang.Object;@c567d5dresp:"pong14754"
Sun May 14 15:26:36 CST 2023-method:rpcPingprams:[Ljava.lang.Object;@3ce5016cresp:"pong14437"
Sun May 14 15:26:38 CST 2023-method:rpcPingprams:[Ljava.lang.Object;@21b07625resp:"pong14167"
Sun May 14 15:26:40 CST 2023-method:rpcPingprams:[Ljava.lang.Object;@538c429dresp:"pong14136"
Sun May 14 15:26:42 CST 2023-method:rpcPingprams:[Ljava.lang.Object;@84c6e3resp:"pong14810"
Sun May 14 15:26:44 CST 2023-method:rpcPingprams:[Ljava.lang.Object;@7eb997e1resp:"pong14619"
Sun May 14 15:26:46 CST 2023-method:rpcPingprams:[Ljava.lang.Object;@34ac74a8resp:"pong14322"
Sun May 14 15:26:48 CST 2023-method:rpcPingprams:[Ljava.lang.Object;@2f858f41resp:"pong14626"
Sun May 14 15:26:50 CST 2023-method:rpcPingprams:[Ljava.lang.Object;@6c0c3974resp:"pong14754"
Sun May 14 15:26:52 CST 2023-method:rpcPingprams:[Ljava.lang.Object;@2d9c1b6bresp:"pong14437"
Sun May 14 15:26:54 CST 2023-method:rpcPingprams:[Ljava.lang.Object;@1b7a6b3bresp:"pong14167"
Sun May 14 15:26:56 CST 2023-method:rpcPingprams:[Ljava.lang.Object;@8811fc4resp:"pong14136"
Sun May 14 15:26:58 CST 2023-method:rpcPingprams:[Ljava.lang.Object;@694e2395resp:"pong14810"
Sun May 14 15:27:00 CST 2023-method:rpcPingprams:[Ljava.lang.Object;@509d273cresp:"pong14619"
Sun May 14 15:27:02 CST 2023-method:rpcPingprams:[Ljava.lang.Object;@5a852fe5resp:"pong14322"
Sun May 14 15:27:04 CST 2023-method:rpcPingprams:[Ljava.lang.Object;@48beee2aresp:"pong14626"
Sun May 14 15:27:06 CST 2023-method:rpcPingprams:[Ljava.lang.Object;@7081c180resp:"pong14754"
Sun May 14 15:27:08 CST 2023-method:rpcPingprams:[Ljava.lang.Object;@5c7e4507resp:"pong14437"
Sun May 14 15:27:10 CST 2023-method:rpcPingprams:[Ljava.lang.Object;@4229a06eresp:"pong14167"
Sun May 14 15:43:57 CST 2023-server started on port:10001
Sun May 14 15:43:57 CST 2023-server started on port:14142
Sun May 14 15:43:57 CST 2023-server started on port:14939
Sun May 14 15:43:57 CST 2023-server started on port:14620
Sun May 14 15:43:57 CST 2023-server started on port:14513
Sun May 14 15:43:57 CST 2023-server started on port:14621
Sun May 14 15:43:57 CST 2023-server started on port:14167
Sun May 14 15:43:57 CST 2023-server started on port:14015
Sun May 14 15:43:57 CST 2023-method:requireTaskprams:[Ljava.lang.Object;@33028083resp:{"done":false,"jobFile":"E:\\Projects\\JAVA_IDEA\\MIT6.5840\\mapreduce\\src\\main\\resources\\articles\\pg-huckleberry_finn.txt","mapNum":8,"reduceNum":8,"reduceOutFile":"","workerId":4,"workerType":1}
Sun May 14 15:43:57 CST 2023-method:requireTaskprams:[Ljava.lang.Object;@573415b5resp:{"done":false,"jobFile":"E:\\Projects\\JAVA_IDEA\\MIT6.5840\\mapreduce\\src\\main\\resources\\articles\\pg-being_ernest.txt","mapNum":8,"reduceNum":8,"reduceOutFile":"","workerId":0,"workerType":1}
Sun May 14 15:43:57 CST 2023-method:requireTaskprams:[Ljava.lang.Object;@66daea63resp:{"done":false,"jobFile":"E:\\Projects\\JAVA_IDEA\\MIT6.5840\\mapreduce\\src\\main\\resources\\articles\\pg-grimm.txt","mapNum":8,"reduceNum":8,"reduceOutFile":"","workerId":3,"workerType":1}
Sun May 14 15:43:57 CST 2023-method:requireTaskprams:[Ljava.lang.Object;@10edb711resp:{"done":false,"jobFile":"E:\\Projects\\JAVA_IDEA\\MIT6.5840\\mapreduce\\src\\main\\resources\\articles\\pg-frankenstein.txt","mapNum":8,"reduceNum":8,"reduceOutFile":"","workerId":2,"workerType":1}
Sun May 14 15:43:57 CST 2023-method:requireTaskprams:[Ljava.lang.Object;@2b4718d1resp:{"done":false,"jobFile":"E:\\Projects\\JAVA_IDEA\\MIT6.5840\\mapreduce\\src\\main\\resources\\articles\\pg-dorian_gray.txt","mapNum":8,"reduceNum":8,"reduceOutFile":"","workerId":1,"workerType":1}
Sun May 14 15:43:57 CST 2023-method:requireTaskprams:[Ljava.lang.Object;@6b13ccc5resp:{"done":false,"jobFile":"E:\\Projects\\JAVA_IDEA\\MIT6.5840\\mapreduce\\src\\main\\resources\\articles\\pg-metamorphosis.txt","mapNum":8,"reduceNum":8,"reduceOutFile":"","workerId":5,"workerType":1}
Sun May 14 15:43:57 CST 2023-method:requireTaskprams:[Ljava.lang.Object;@30aef5b3resp:{"done":false,"jobFile":"E:\\Projects\\JAVA_IDEA\\MIT6.5840\\mapreduce\\src\\main\\resources\\articles\\pg-sherlock_holmes.txt","mapNum":8,"reduceNum":8,"reduceOutFile":"","workerId":6,"workerType":1}
Sun May 14 15:43:57 CST 2023-server started on port:14736
Sun May 14 15:43:57 CST 2023-method:rpcPingprams:[Ljava.lang.Object;@38419b09resp:"pong14167"
Sun May 14 15:43:57 CST 2023-method:requireTaskprams:[Ljava.lang.Object;@4f144678resp:{"done":false,"jobFile":"E:\\Projects\\JAVA_IDEA\\MIT6.5840\\mapreduce\\src\\main\\resources\\articles\\pg-tom_sawyer.txt","mapNum":8,"reduceNum":8,"reduceOutFile":"","workerId":7,"workerType":1}
Sun May 14 15:43:57 CST 2023-ok to do map for id:0
Sun May 14 15:43:57 CST 2023-ok to do map for id:5
Sun May 14 15:43:57 CST 2023-method:doneTaskprams:[Ljava.lang.Object;@5fa6972bresp:{"done":false}
Sun May 14 15:43:57 CST 2023-method:doneTaskprams:[Ljava.lang.Object;@1919b5f3resp:{"done":false}
Sun May 14 15:43:58 CST 2023-ok to do map for id:3
Sun May 14 15:43:58 CST 2023-ok to do map for id:1
Sun May 14 15:43:58 CST 2023-method:doneTaskprams:[Ljava.lang.Object;@322477abresp:{"done":false}
Sun May 14 15:43:58 CST 2023-ok to do map for id:2
Sun May 14 15:43:58 CST 2023-method:doneTaskprams:[Ljava.lang.Object;@1c0df63bresp:{"done":false}
Sun May 14 15:43:58 CST 2023-method:doneTaskprams:[Ljava.lang.Object;@794bb916resp:{"done":false}
Sun May 14 15:43:58 CST 2023-ok to do map for id:7
Sun May 14 15:43:58 CST 2023-method:doneTaskprams:[Ljava.lang.Object;@373eb736resp:{"done":false}
Sun May 14 15:43:58 CST 2023-ok to do map for id:4
Sun May 14 15:43:58 CST 2023-ok to do map for id:6
Sun May 14 15:43:58 CST 2023-method:doneTaskprams:[Ljava.lang.Object;@55f972fbresp:{"done":false}
Sun May 14 15:43:58 CST 2023-method:doneTaskprams:[Ljava.lang.Object;@495100e1resp:{"done":false,"jobFile":"","mapNum":8,"reduceNum":8,"reduceOutFile":"E:\\Projects\\JAVA_IDEA\\MIT6.5840\\mapreduce\\src\\main\\resources\\temp\\mr-reduce-0","workerId":0,"workerType":2}
Sun May 14 15:43:59 CST 2023-ok to do reduce for id:0
Sun May 14 15:43:59 CST 2023-method:doneTaskprams:[Ljava.lang.Object;@3d837c54resp:{"done":false,"jobFile":"","mapNum":8,"reduceNum":8,"reduceOutFile":"E:\\Projects\\JAVA_IDEA\\MIT6.5840\\mapreduce\\src\\main\\resources\\temp\\mr-reduce-1","workerId":1,"workerType":2}
Sun May 14 15:43:59 CST 2023-ok to do reduce for id:1
Sun May 14 15:43:59 CST 2023-method:doneTaskprams:[Ljava.lang.Object;@3827155bresp:{"done":false,"jobFile":"","mapNum":8,"reduceNum":8,"reduceOutFile":"E:\\Projects\\JAVA_IDEA\\MIT6.5840\\mapreduce\\src\\main\\resources\\temp\\mr-reduce-2","workerId":2,"workerType":2}
Sun May 14 15:43:59 CST 2023-ok to do reduce for id:2
Sun May 14 15:43:59 CST 2023-method:doneTaskprams:[Ljava.lang.Object;@79135c16resp:{"done":false,"jobFile":"","mapNum":8,"reduceNum":8,"reduceOutFile":"E:\\Projects\\JAVA_IDEA\\MIT6.5840\\mapreduce\\src\\main\\resources\\temp\\mr-reduce-3","workerId":3,"workerType":2}
Sun May 14 15:43:59 CST 2023-method:rpcPingprams:[Ljava.lang.Object;@853015cresp:"pong14736"
Sun May 14 15:43:59 CST 2023-ok to do reduce for id:3
Sun May 14 15:43:59 CST 2023-method:doneTaskprams:[Ljava.lang.Object;@6580f197resp:{"done":false,"jobFile":"","mapNum":8,"reduceNum":8,"reduceOutFile":"E:\\Projects\\JAVA_IDEA\\MIT6.5840\\mapreduce\\src\\main\\resources\\temp\\mr-reduce-4","workerId":4,"workerType":2}
Sun May 14 15:44:00 CST 2023-ok to do reduce for id:4
Sun May 14 15:44:00 CST 2023-method:doneTaskprams:[Ljava.lang.Object;@4060a37aresp:{"done":false,"jobFile":"","mapNum":8,"reduceNum":8,"reduceOutFile":"E:\\Projects\\JAVA_IDEA\\MIT6.5840\\mapreduce\\src\\main\\resources\\temp\\mr-reduce-5","workerId":5,"workerType":2}
Sun May 14 15:44:00 CST 2023-ok to do reduce for id:5
Sun May 14 15:44:00 CST 2023-method:doneTaskprams:[Ljava.lang.Object;@328c7ff6resp:{"done":false,"jobFile":"","mapNum":8,"reduceNum":8,"reduceOutFile":"E:\\Projects\\JAVA_IDEA\\MIT6.5840\\mapreduce\\src\\main\\resources\\temp\\mr-reduce-6","workerId":6,"workerType":2}
Sun May 14 15:44:00 CST 2023-ok to do reduce for id:6
Sun May 14 15:44:00 CST 2023-method:doneTaskprams:[Ljava.lang.Object;@15f64413resp:{"done":false,"jobFile":"","mapNum":8,"reduceNum":8,"reduceOutFile":"E:\\Projects\\JAVA_IDEA\\MIT6.5840\\mapreduce\\src\\main\\resources\\temp\\mr-reduce-7","workerId":7,"workerType":2}
Sun May 14 15:44:00 CST 2023-ok to do reduce for id:7
Sun May 14 15:44:00 CST 2023-method:doneTaskprams:[Ljava.lang.Object;@713ae617resp:{"done":true}
Sun May 14 15:44:01 CST 2023-method:rpcPingprams:[Ljava.lang.Object;@72a43a1fresp:"pong14513"
Sun May 14 15:44:02 CST 2023-ok to merge all files
Sun May 14 15:44:03 CST 2023-method:rpcPingprams:[Ljava.lang.Object;@2d3c4fcresp:"pong14167"
Sun May 14 15:44:05 CST 2023-method:rpcPingprams:[Ljava.lang.Object;@6b917fd1resp:"pong14939"
Sun May 14 15:44:07 CST 2023-method:rpcPingprams:[Ljava.lang.Object;@acc583fresp:"pong14620"
Sun May 14 15:44:09 CST 2023-method:rpcPingprams:[Ljava.lang.Object;@6f8da5fdresp:"pong14621"
Sun May 14 15:45:53 CST 2023-server started on port:10001
Sun May 14 15:45:53 CST 2023-server started on port:14599
Sun May 14 15:45:53 CST 2023-server started on port:14060
Sun May 14 15:45:53 CST 2023-server started on port:14104
Sun May 14 15:45:53 CST 2023-server started on port:14973
Sun May 14 15:45:53 CST 2023-server started on port:14429
Sun May 14 15:45:53 CST 2023-server started on port:14679
Sun May 14 15:45:53 CST 2023-server started on port:14316
Sun May 14 15:45:53 CST 2023-server started on port:14865
Sun May 14 15:45:54 CST 2023-method:requireTaskprams:[Ljava.lang.Object;@1503c9cresp:{"done":false,"jobFile":"E:\\Projects\\JAVA_IDEA\\MIT6.5840\\mapreduce\\src\\main\\resources\\articles\\pg-being_ernest.txt","mapNum":8,"reduceNum":8,"reduceOutFile":"","workerId":0,"workerType":1}
Sun May 14 15:45:54 CST 2023-method:requireTaskprams:[Ljava.lang.Object;@47f1653fresp:{"done":false,"jobFile":"E:\\Projects\\JAVA_IDEA\\MIT6.5840\\mapreduce\\src\\main\\resources\\articles\\pg-metamorphosis.txt","mapNum":8,"reduceNum":8,"reduceOutFile":"","workerId":5,"workerType":1}
Sun May 14 15:45:54 CST 2023-method:requireTaskprams:[Ljava.lang.Object;@6556432dresp:{"done":false,"jobFile":"E:\\Projects\\JAVA_IDEA\\MIT6.5840\\mapreduce\\src\\main\\resources\\articles\\pg-sherlock_holmes.txt","mapNum":8,"reduceNum":8,"reduceOutFile":"","workerId":6,"workerType":1}
Sun May 14 15:45:54 CST 2023-method:requireTaskprams:[Ljava.lang.Object;@2cdaaf5fresp:{"done":false,"jobFile":"E:\\Projects\\JAVA_IDEA\\MIT6.5840\\mapreduce\\src\\main\\resources\\articles\\pg-huckleberry_finn.txt","mapNum":8,"reduceNum":8,"reduceOutFile":"","workerId":4,"workerType":1}
Sun May 14 15:45:54 CST 2023-method:requireTaskprams:[Ljava.lang.Object;@4be9e237resp:{"done":false,"jobFile":"E:\\Projects\\JAVA_IDEA\\MIT6.5840\\mapreduce\\src\\main\\resources\\articles\\pg-dorian_gray.txt","mapNum":8,"reduceNum":8,"reduceOutFile":"","workerId":1,"workerType":1}
Sun May 14 15:45:54 CST 2023-method:requireTaskprams:[Ljava.lang.Object;@4bf4fb2resp:{"done":false,"jobFile":"E:\\Projects\\JAVA_IDEA\\MIT6.5840\\mapreduce\\src\\main\\resources\\articles\\pg-frankenstein.txt","mapNum":8,"reduceNum":8,"reduceOutFile":"","workerId":2,"workerType":1}
Sun May 14 15:45:54 CST 2023-method:requireTaskprams:[Ljava.lang.Object;@41e9858eresp:{"done":false,"jobFile":"E:\\Projects\\JAVA_IDEA\\MIT6.5840\\mapreduce\\src\\main\\resources\\articles\\pg-tom_sawyer.txt","mapNum":8,"reduceNum":8,"reduceOutFile":"","workerId":7,"workerType":1}
Sun May 14 15:45:54 CST 2023-method:requireTaskprams:[Ljava.lang.Object;@69d05720resp:{"done":false,"jobFile":"E:\\Projects\\JAVA_IDEA\\MIT6.5840\\mapreduce\\src\\main\\resources\\articles\\pg-grimm.txt","mapNum":8,"reduceNum":8,"reduceOutFile":"","workerId":3,"workerType":1}
Sun May 14 15:45:57 CST 2023-ok to do map for id:0
Sun May 14 15:45:57 CST 2023-ok to do map for id:5
Sun May 14 15:45:57 CST 2023-method:doneTaskprams:[Ljava.lang.Object;@f59e260resp:{"done":false}
Sun May 14 15:45:57 CST 2023-method:doneTaskprams:[Ljava.lang.Object;@4bbda709resp:{"done":false}
Sun May 14 15:45:58 CST 2023-ok to do map for id:1
Sun May 14 15:45:58 CST 2023-ok to do map for id:7
Sun May 14 15:45:58 CST 2023-ok to do map for id:3
Sun May 14 15:45:58 CST 2023-ok to do map for id:2
Sun May 14 15:45:58 CST 2023-method:doneTaskprams:[Ljava.lang.Object;@a12cdc9resp:{"done":false}
Sun May 14 15:45:58 CST 2023-method:doneTaskprams:[Ljava.lang.Object;@17192cb2resp:{"done":false}
Sun May 14 15:45:58 CST 2023-method:doneTaskprams:[Ljava.lang.Object;@2f5efec0resp:{"done":false}
Sun May 14 15:45:58 CST 2023-method:doneTaskprams:[Ljava.lang.Object;@1beb0ca8resp:{"done":false}
Sun May 14 15:45:58 CST 2023-ok to do map for id:4
Sun May 14 15:45:58 CST 2023-ok to do map for id:6
Sun May 14 15:45:58 CST 2023-method:doneTaskprams:[Ljava.lang.Object;@16426403resp:{"done":false}
Sun May 14 15:45:58 CST 2023-method:doneTaskprams:[Ljava.lang.Object;@31bc5a93resp:{"done":false,"jobFile":"","mapNum":8,"reduceNum":8,"reduceOutFile":"E:\\Projects\\JAVA_IDEA\\MIT6.5840\\mapreduce\\src\\main\\resources\\temp\\mr-reduce-0","workerId":0,"workerType":2}
Sun May 14 15:45:58 CST 2023-ok to do reduce for id:0
Sun May 14 15:45:58 CST 2023-method:doneTaskprams:[Ljava.lang.Object;@66e4a5f4resp:{"done":false,"jobFile":"","mapNum":8,"reduceNum":8,"reduceOutFile":"E:\\Projects\\JAVA_IDEA\\MIT6.5840\\mapreduce\\src\\main\\resources\\temp\\mr-reduce-1","workerId":1,"workerType":2}
Sun May 14 15:45:58 CST 2023-ok to do reduce for id:1
Sun May 14 15:45:58 CST 2023-method:doneTaskprams:[Ljava.lang.Object;@762cf3d9resp:{"done":false,"jobFile":"","mapNum":8,"reduceNum":8,"reduceOutFile":"E:\\Projects\\JAVA_IDEA\\MIT6.5840\\mapreduce\\src\\main\\resources\\temp\\mr-reduce-2","workerId":2,"workerType":2}
Sun May 14 15:45:59 CST 2023-ok to do reduce for id:2
Sun May 14 15:45:59 CST 2023-method:doneTaskprams:[Ljava.lang.Object;@466d2b6eresp:{"done":false,"jobFile":"","mapNum":8,"reduceNum":8,"reduceOutFile":"E:\\Projects\\JAVA_IDEA\\MIT6.5840\\mapreduce\\src\\main\\resources\\temp\\mr-reduce-3","workerId":3,"workerType":2}
Sun May 14 15:45:59 CST 2023-ok to do reduce for id:3
Sun May 14 15:45:59 CST 2023-method:doneTaskprams:[Ljava.lang.Object;@6fead527resp:{"done":false,"jobFile":"","mapNum":8,"reduceNum":8,"reduceOutFile":"E:\\Projects\\JAVA_IDEA\\MIT6.5840\\mapreduce\\src\\main\\resources\\temp\\mr-reduce-4","workerId":4,"workerType":2}
Sun May 14 15:45:59 CST 2023-ok to do reduce for id:4
Sun May 14 15:45:59 CST 2023-method:doneTaskprams:[Ljava.lang.Object;@789b232aresp:{"done":false,"jobFile":"","mapNum":8,"reduceNum":8,"reduceOutFile":"E:\\Projects\\JAVA_IDEA\\MIT6.5840\\mapreduce\\src\\main\\resources\\temp\\mr-reduce-5","workerId":5,"workerType":2}
Sun May 14 15:46:00 CST 2023-ok to do reduce for id:5
Sun May 14 15:46:00 CST 2023-method:doneTaskprams:[Ljava.lang.Object;@4656a88resp:{"done":false,"jobFile":"","mapNum":8,"reduceNum":8,"reduceOutFile":"E:\\Projects\\JAVA_IDEA\\MIT6.5840\\mapreduce\\src\\main\\resources\\temp\\mr-reduce-6","workerId":6,"workerType":2}
Sun May 14 15:46:00 CST 2023-ok to do reduce for id:6
Sun May 14 15:46:00 CST 2023-method:doneTaskprams:[Ljava.lang.Object;@21cbf999resp:{"done":false,"jobFile":"","mapNum":8,"reduceNum":8,"reduceOutFile":"E:\\Projects\\JAVA_IDEA\\MIT6.5840\\mapreduce\\src\\main\\resources\\temp\\mr-reduce-7","workerId":7,"workerType":2}
Sun May 14 15:46:00 CST 2023-ok to do reduce for id:7
Sun May 14 15:46:00 CST 2023-method:doneTaskprams:[Ljava.lang.Object;@1866e962resp:{"done":true}
Sun May 14 15:46:02 CST 2023-ok to merge all files
